
 define (kennedy111) : TURBOMOLE rev. V7.5.0 compiled 13 Jun 2020 at 23:29:25
 Copyright (C) 2020 TURBOMOLE GmbH, Karlsruhe


    2022-01-15 08:31:13.734 

                    HOST NAME = kennedy111
             OPERATING SYSTEM = unix
   STANDARD BASIS SET LIBRARY = /gpfs1/apps/software/TURBOMOLE//basen/
  ALTERNATE BASIS SET LIBRARY = /gpfs1/apps/software/TURBOMOLE//basold/
 LIBRARY FOR RI-J  BASIS SETS = /gpfs1/apps/software/TURBOMOLE//jbasen/
 LIBRARY FOR RI-JK BASIS SETS = /gpfs1/apps/software/TURBOMOLE//jkbasen/
 LIBRARY FOR RIMP2/RICC2 SETS = /gpfs1/apps/software/TURBOMOLE//cbasen/
 LIBRARY FOR RIR12 BASIS SETS = /gpfs1/apps/software/TURBOMOLE//cabasen/
 LIBRARY FOR OEP   BASIS SETS = /gpfs1/apps/software/TURBOMOLE//xbasen/
            STRUCTURE LIBRARY = /gpfs1/apps/software/TURBOMOLE//structures/
 

 ***********************************************************
 *                                                         *
 *                       D E F I N E                       *
 *                                                         *
 *         TURBOMOLE'S  INTERACTIVE  INPUT  PROGRAM        *
 *                                                         *
 *  Quantum Chemistry Group       University of Karlsruhe  *
 *                                                         *
 ***********************************************************


 DATA WILL BE WRITTEN TO THE NEW FILE control

 IF YOU WANT TO READ DEFAULT-DATA FROM ANOTHER control-TYPE FILE,
 THEN ENTER ITS LOCATION/NAME OR OTHERWISE HIT >return<.

 
 INPUT TITLE OR 
 ENTER & TO REPEAT DEFINITION OF DEFAULT INPUT FILE 

 symmetry group of the molecule :   c1 

 the group has the following generators :
   c1(z)

    1 symmetry operations found

 SPECIFICATION OF MOLECULAR GEOMETRY ( #ATOMS=0     SYMMETRY=c1  )
 YOU MAY USE ONE OF THE FOLLOWING COMMANDS : 
 sy <group> <eps> : DEFINE MOLECULAR SYMMETRY (default for eps=3d-1)
 desy <eps>       : DETERMINE MOLECULAR SYMMETRY AND ADJUST 
                     COORDINATES (default for eps=1d-6)
 syndi <eps>      : LIKE DESY, BUT FIND ONLY GROUPS WITH NON-
                     DEGENERATE IRREPS (D2h AND SUBGROUPS)
 susy             : ADJUST COORDINATES FOR SUBGROUPS
 ai               : ADD ATOMIC COORDINATES INTERACTIVELY
 a <file>         : ADD ATOMIC COORDINATES FROM FILE <file>
 aa <file>        : ADD ATOMIC COORDINATES IN ANGSTROEM UNITS FROM FILE <file>
 sub              : SUBSTITUTE AN ATOM BY A GROUP OF ATOMS
 i                : INTERNAL COORDINATE MENU 
 ired             : REDUNDANT INTERNAL COORDINATES
 red_info         : DISPLAY REDUNDANT INTERNAL COORDINATES
 ff               : UFF-FORCEFIELD CALCULATION
 m                : MANIPULATE GEOMETRY
 frag             : Define Fragments for BSSE calculation
 w <file>         : WRITE MOLECULAR COORDINATES TO FILE <file> 
 r <file>         : RELOAD ATOMIC AND INTERNAL COORDINATES FROM FILE <file>
 name             : CHANGE ATOMIC IDENTIFIERS 
 del              : DELETE ATOMS 
 fix              : FIX ATOMS 
 dis              : DISPLAY MOLECULAR GEOMETRY 
 banal            : CARRY OUT BOND ANALYSIS 
 *                : TERMINATE MOLECULAR GEOMETRY SPECIFICATION 
                     AND WRITE GEOMETRY DATA TO CONTROL FILE 

 IF YOU APPEND A QUESTION MARK TO ANY COMMAND AN EXPLANATION
 OF THAT COMMAND MAY BE GIVEN 


 CARTESIAN COORDINATES FOR  28 ATOMS HAVE SUCCESSFULLY 
 BEEN ADDED. 
 DEFINITIONS OF INTERNAL COORDINATES HAVE  N O T  BEEN READ. 
 SPECIFICATION OF BOND TOPOLOGY HAS  N O T  BEEN READ. 

 SPECIFICATION OF MOLECULAR GEOMETRY ( #ATOMS=28    SYMMETRY=c1  )
 YOU MAY USE ONE OF THE FOLLOWING COMMANDS : 
 sy <group> <eps> : DEFINE MOLECULAR SYMMETRY (default for eps=3d-1)
 desy <eps>       : DETERMINE MOLECULAR SYMMETRY AND ADJUST 
                     COORDINATES (default for eps=1d-6)
 syndi <eps>      : LIKE DESY, BUT FIND ONLY GROUPS WITH NON-
                     DEGENERATE IRREPS (D2h AND SUBGROUPS)
 susy             : ADJUST COORDINATES FOR SUBGROUPS
 ai               : ADD ATOMIC COORDINATES INTERACTIVELY
 a <file>         : ADD ATOMIC COORDINATES FROM FILE <file>
 aa <file>        : ADD ATOMIC COORDINATES IN ANGSTROEM UNITS FROM FILE <file>
 sub              : SUBSTITUTE AN ATOM BY A GROUP OF ATOMS
 i                : INTERNAL COORDINATE MENU 
 ired             : REDUNDANT INTERNAL COORDINATES
 red_info         : DISPLAY REDUNDANT INTERNAL COORDINATES
 ff               : UFF-FORCEFIELD CALCULATION
 m                : MANIPULATE GEOMETRY
 frag             : Define Fragments for BSSE calculation
 w <file>         : WRITE MOLECULAR COORDINATES TO FILE <file> 
 r <file>         : RELOAD ATOMIC AND INTERNAL COORDINATES FROM FILE <file>
 name             : CHANGE ATOMIC IDENTIFIERS 
 del              : DELETE ATOMS 
 fix              : FIX ATOMS 
 dis              : DISPLAY MOLECULAR GEOMETRY 
 banal            : CARRY OUT BOND ANALYSIS 
 *                : TERMINATE MOLECULAR GEOMETRY SPECIFICATION 
                     AND WRITE GEOMETRY DATA TO CONTROL FILE 

 IF YOU APPEND A QUESTION MARK TO ANY COMMAND AN EXPLANATION
 OF THAT COMMAND MAY BE GIVEN 


 IDENTIFIED ANNEALED RING OF SIZE  6
 ATTACHED TO BRIDGE HEAD ATOMS    6 c          1 c       


 IDENTIFIED ANNEALED RING OF SIZE  6
 ATTACHED TO BRIDGE HEAD ATOMS   10 c          9 c       

     NUMBER OF PRIMITIVE TORSIONS          28
     NUMBER OF TORSIONAL AXES              13
     GEOIRED: NBDIM      96  NDEGR:      78
      Lowest Eigenvalue of BmBt is:          0.0124761828
      Lowest Eigenvalue of projected BBt           0.0817884065 No:    74
      Quotient of Eigenvalues           6.5555633363
     OCCUPATION OF BLOCKS:   51   13   10    4    0

 SPECIFICATION OF MOLECULAR GEOMETRY ( #ATOMS=28    SYMMETRY=c1  )
 YOU MAY USE ONE OF THE FOLLOWING COMMANDS : 
 sy <group> <eps> : DEFINE MOLECULAR SYMMETRY (default for eps=3d-1)
 desy <eps>       : DETERMINE MOLECULAR SYMMETRY AND ADJUST 
                     COORDINATES (default for eps=1d-6)
 syndi <eps>      : LIKE DESY, BUT FIND ONLY GROUPS WITH NON-
                     DEGENERATE IRREPS (D2h AND SUBGROUPS)
 susy             : ADJUST COORDINATES FOR SUBGROUPS
 ai               : ADD ATOMIC COORDINATES INTERACTIVELY
 a <file>         : ADD ATOMIC COORDINATES FROM FILE <file>
 aa <file>        : ADD ATOMIC COORDINATES IN ANGSTROEM UNITS FROM FILE <file>
 sub              : SUBSTITUTE AN ATOM BY A GROUP OF ATOMS
 i                : INTERNAL COORDINATE MENU 
 ired             : REDUNDANT INTERNAL COORDINATES
 red_info         : DISPLAY REDUNDANT INTERNAL COORDINATES
 ff               : UFF-FORCEFIELD CALCULATION
 m                : MANIPULATE GEOMETRY
 frag             : Define Fragments for BSSE calculation
 w <file>         : WRITE MOLECULAR COORDINATES TO FILE <file> 
 r <file>         : RELOAD ATOMIC AND INTERNAL COORDINATES FROM FILE <file>
 name             : CHANGE ATOMIC IDENTIFIERS 
 del              : DELETE ATOMS 
 fix              : FIX ATOMS 
 dis              : DISPLAY MOLECULAR GEOMETRY 
 banal            : CARRY OUT BOND ANALYSIS 
 *                : TERMINATE MOLECULAR GEOMETRY SPECIFICATION 
                     AND WRITE GEOMETRY DATA TO CONTROL FILE 

 IF YOU APPEND A QUESTION MARK TO ANY COMMAND AN EXPLANATION
 OF THAT COMMAND MAY BE GIVEN 


 GEOMETRY DATA WILL BE WRITTEN TO FILE coord


 SUPPLYING BASIS SETS TO   28 ATOMS 
 #                                                                       
 #                   BASIS SET LIBRARY FOR CARBON                        
 #            ECPs, HONDO-BASIS SETS FROM basen AND                      
 #     FULLY OPTIMIZED BASIS SETS FROM newbas MERGED 02/6/93             
 #                                                                       
 #         abbreviation hondo refers to the version 7.0 of HONDO         
 #                                                                       
 ########################################################################
 #       HF limit : E(3P) = -37.688619 a.u. (C. Froese Fischer, 1977)    
 ########################################################################
 #       Roothaan parameters for C(3P) in symmetry I:                    
 #        a = 3/4      b = 3/2                                           
 ########################################################################
 #                                                                       
 c def-SV(P)                                                             
 c def2-SVP                                                              
 c dhf-SVP                                                               
 c dhf-SVP-2c                                                            
 c def2-SV(P)                                                            
 c dhf-SV(P)                                                             
 c dhf-SV(P)-2c                                                          
 # c (7s4p1d)/[3s2p1d] {511/31/1}                                        
 # ROHF(equiv) energy is -37.64114337919 a.u.  (virial theorem = 2.000000
 # UHF(noneq)  energy is -37.64522986135 a.u.  (virial theorem = 2.000084
 #                                                                       
 #                      BASIS SET LIBRARY FOR NITROGEN                   
 #            ECPs, HONDO-BASIS SETS FROM basen AND                      
 #     FULLY OPTIMIZED BASIS SETS FROM newbas MERGED 02/6/93             
 #                                                                       
 #         abbreviation hondo refers to the version 7.0 of HONDO         
 #                                                                       
 #                                                                       
 ########################################################################
 #       HF limit : E(4S) = -54.400934 a.u. (C. Froese Fischer, 1977)    
 ########################################################################
 #       Roothaan parameters for N(4S) in symmetry I:                    
 #        a = 1      b = 2                                               
 ########################################################################
 n def-SV(P)                                                             
 n def2-SVP                                                              
 n dhf-SVP                                                               
 n dhf-SVP-2c                                                            
 n def2-SV(P)                                                            
 n dhf-SV(P)                                                             
 n dhf-SV(P)-2c                                                          
 # n (7s4p1d)/[3s2p1d] {511/31/1}                                        
 # ROHF(equiv) energy is -54.33292502496 a.u.  (virial theorem = 2.000000
 # UHF(equiv)  energy is -54.33653300372 a.u.  (virial theorem = 1.999955
 #                                                                       
 #                    BASIS SET LIBRARY FOR HYDROGEN                     
 #            ECPs, HONDO-BASIS SETS FROM basen AND                      
 #     FULLY OPTIMIZED BASIS SETS FROM newbas MERGED 02/6/93             
 #                                                                       
 #         abbreviation hondo refers to the version 7.0 of HONDO         
 #                                                                       
 ########################################################################
 #       HF limit : E(2S) = -0.5 a.u.                                    
 ########################################################################
 #       Roothaan parameters for H(2S):                                  
 #        a = 0      b = 0                                               
 ########################################################################
 #                                                                       
 h def-SV(P)                                                             
 h def2-SV(P)                                                            
 h dhf-SV(P)                                                             
 h dhf-SV(P)-2c                                                          
 h x2c-SV(P)all                                                          
 h x2c-SV(P)all-2c                                                       
 h x2c-SV(P)all-s                                                        
 # HF(equiv) energy is -0.49927840571 a.u.  (virial theorem = 2.000000001
 # (4s)/[2s] {31}                                                        
 # H. Horn, Aug. 91                                                      
 
 ==============================================================================
 NOTE: Improved basis sets are available for H-Rn ("def2-bases").
 For further information type "bi".
 ==============================================================================

 ATOMIC ATTRIBUTE DEFINITION MENU  ( #atoms=28    #bas=28    #ecp=0     )

 b    : ASSIGN ATOMIC BASIS SETS 
 bb   : b RESTRICTED TO BASIS SET LIBRARY 
 bl   : LIST ATOMIC BASIS SETS ASSIGNED
 bm   : MODIFY DEFINITION OF ATOMIC BASIS SET
 bp   : SWITCH BETWEEN 5d/7f AND 6d/10f
 lib  : SELECT BASIS SET LIBRARY
 ecp  : ASSIGN EFFECTIVE CORE POTENTIALS 
 ecpb : ecp RESTRICTED TO BASIS SET LIBRARY 
 ecpi : GENERAL INFORMATION ABOUT EFFECTIVE CORE POTENTIALS
 ecpl : LIST EFFECTIVE CORE POTENTIALS ASSIGNED
 ecprm: REMOVE EFFECTIVE CORE POTENTIAL(S)
 c    : ASSIGN NUCLEAR CHARGES (IF DIFFERENT FROM DEFAULTS) 
 cem  : ASSIGN NUCLEAR CHARGES FOR EMBEDDING 
 m    : ASSIGN ATOMIC MASSES (IF DIFFERENT FROM DEFAULTS) 
 iso  : ASSIGN ISOTOPE FOR NUCLEAR COUPLING CALCULATION 
 dis  : DISPLAY MOLECULAR GEOMETRY 
 dat  : DISPLAY ATOMIC ATTRIBUTES YET ESTABLISHED 
 h    : EXPLANATION OF ATTRIBUTE DEFINITION SYNTAX 
 *    : TERMINATE THIS SECTION AND WRITE DATA OR DATA REFERENCES TO control
 GOBACK=& (TO GEOMETRY MENU !)


 SUPPLYING BASIS SETS TO   28 ATOMS 
 #                                                                       
 #                   BASIS SET LIBRARY FOR CARBON                        
 #            ECPs, HONDO-BASIS SETS FROM basen AND                      
 #     FULLY OPTIMIZED BASIS SETS FROM newbas MERGED 02/6/93             
 #                                                                       
 #         abbreviation hondo refers to the version 7.0 of HONDO         
 #                                                                       
 ########################################################################
 #       HF limit : E(3P) = -37.688619 a.u. (C. Froese Fischer, 1977)    
 ########################################################################
 #       Roothaan parameters for C(3P) in symmetry I:                    
 #        a = 3/4      b = 3/2                                           
 ########################################################################
 #                                                                       
 c cc-pVDZ                                                               
 # c     (9s4p1d) / [3s2p1d]                                             
 # ROHF(equiv) energy is -37.68239129283 a.u.  (virial theorem = 1.999999
 # UHF(noneq)  energy is -37.68654443731 a.u.  (virial theorem = 2.000182
 # Ref.: T.H. Dunning; JCP 90, 1007 (1989).                              
 # Correlation Consistent Polarized Valence Double Zeta (cc-pVDZ) Basis  
 #                                                                       
 #                      BASIS SET LIBRARY FOR NITROGEN                   
 #            ECPs, HONDO-BASIS SETS FROM basen AND                      
 #     FULLY OPTIMIZED BASIS SETS FROM newbas MERGED 02/6/93             
 #                                                                       
 #         abbreviation hondo refers to the version 7.0 of HONDO         
 #                                                                       
 #                                                                       
 ########################################################################
 #       HF limit : E(4S) = -54.400934 a.u. (C. Froese Fischer, 1977)    
 ########################################################################
 #       Roothaan parameters for N(4S) in symmetry I:                    
 #        a = 1      b = 2                                               
 ########################################################################
 n cc-pVDZ                                                               
 # n     (9s4p1d) / [3s2p1d]                                             
 # ROHF(equiv) energy is -54.38841423701 a.u.  (virial theorem = 1.999995
 # UHF(equiv)  energy is -54.39111456220 a.u.  (virial theorem = 2.000194
 # Ref.: T.H. Dunning; JCP 90, 1007 (1989).                              
 # Correlation Consistent Polarized Valence Double Zeta (cc-pVDZ) Basis  
 #                                                                       
 #                    BASIS SET LIBRARY FOR HYDROGEN                     
 #            ECPs, HONDO-BASIS SETS FROM basen AND                      
 #     FULLY OPTIMIZED BASIS SETS FROM newbas MERGED 02/6/93             
 #                                                                       
 #         abbreviation hondo refers to the version 7.0 of HONDO         
 #                                                                       
 ########################################################################
 #       HF limit : E(2S) = -0.5 a.u.                                    
 ########################################################################
 #       Roothaan parameters for H(2S):                                  
 #        a = 0      b = 0                                               
 ########################################################################
 #                                                                       
 h cc-pVDZ                                                               
 h cc-pCVDZ                                                              
 h cc-pwCVDZ                                                             
 # h     (4s1p) / [2s1p]                                                 
 # HF(equiv) energy is -0.49927840342 a.u.  (virial theorem = 2.000022440
 # Ref.: T.H. Dunning; JCP 90, 1007 (1989).                              
 # Correlation Consistent Polarized Valence Double Zeta (cc-pVDZ) Basis  

 ATOMIC ATTRIBUTE DEFINITION MENU  ( #atoms=28    #bas=28    #ecp=0     )

 b    : ASSIGN ATOMIC BASIS SETS 
 bb   : b RESTRICTED TO BASIS SET LIBRARY 
 bl   : LIST ATOMIC BASIS SETS ASSIGNED
 bm   : MODIFY DEFINITION OF ATOMIC BASIS SET
 bp   : SWITCH BETWEEN 5d/7f AND 6d/10f
 lib  : SELECT BASIS SET LIBRARY
 ecp  : ASSIGN EFFECTIVE CORE POTENTIALS 
 ecpb : ecp RESTRICTED TO BASIS SET LIBRARY 
 ecpi : GENERAL INFORMATION ABOUT EFFECTIVE CORE POTENTIALS
 ecpl : LIST EFFECTIVE CORE POTENTIALS ASSIGNED
 ecprm: REMOVE EFFECTIVE CORE POTENTIAL(S)
 c    : ASSIGN NUCLEAR CHARGES (IF DIFFERENT FROM DEFAULTS) 
 cem  : ASSIGN NUCLEAR CHARGES FOR EMBEDDING 
 m    : ASSIGN ATOMIC MASSES (IF DIFFERENT FROM DEFAULTS) 
 iso  : ASSIGN ISOTOPE FOR NUCLEAR COUPLING CALCULATION 
 dis  : DISPLAY MOLECULAR GEOMETRY 
 dat  : DISPLAY ATOMIC ATTRIBUTES YET ESTABLISHED 
 h    : EXPLANATION OF ATTRIBUTE DEFINITION SYNTAX 
 *    : TERMINATE THIS SECTION AND WRITE DATA OR DATA REFERENCES TO control
 GOBACK=& (TO GEOMETRY MENU !)


 BASIS SETS WILL BE WRITTEN TO FILE basis BY DEFAULT


              +--------------------------------------------------+
              |               basis set information              |
              +--------------------------------------------------+

              we will work with the 1s 3p 5d 7f 9g ... basis set
              ...i.e. with spherical basis functions...

   type   atoms  prim   cont   basis
   ---------------------------------------------------------------------------
    c       16     34     14   cc-pVDZ   [3s2p1d|17s4p1d]
    n        3     34     14   cc-pVDZ   [3s2p1d|17s4p1d]
    h        9      7      5   cc-pVDZ   [2s1p|4s1p]
   ---------------------------------------------------------------------------
   total:   28    709    311
   ---------------------------------------------------------------------------

   total number of primitive shells          :   49
   total number of contracted shells         :  141
   total number of cartesian basis functions :  330
   total number of SCF-basis functions       :  311


              ATOMIC COORDINATES              ATOM SHELLS CHARGE PSEUDO MASS
     4.07256767    0.55384093    0.00030236    c      6      6.     0 12.011
     6.71769292    0.32028968   -0.00017008    c      6      6.     0 12.011
     7.79306046   -2.10564623   -0.00013228    c      6      6.     0 12.011
     6.26070045   -4.29188928    0.00020787    c      6      6.     0 12.011
     3.60943359   -4.12349579    0.00032125    c      6      6.     0 12.011
     2.53769432   -1.70332354    0.00049133    c      6      6.     0 12.011
    -0.03562134   -0.95391485    0.00034015    n      6      7.     0 14.007
    -0.04437077    1.62302908    0.00017008    c      6      6.     0 12.011
    -2.57985411   -1.69924173    0.00049133    c      6      6.     0 12.011
    -4.12880592    0.54705682    0.00035905    c      6      6.     0 12.011
    -3.72523601   -4.08488868    0.00026456    c      6      6.     0 12.011
    -6.37809023   -4.11905493   -0.00015118    c      6      6.     0 12.011
    -7.89266793   -2.05305515   -0.00043464    n      6      7.     0 14.007
    -6.76580534    0.22644588   -0.00017008    c      6      6.     0 12.011
     0.23854013    6.49667055    0.00030236    c      6      6.     0 12.011
     2.51989310    5.28072627    0.00022677    n      6      7.     0 14.007
     2.33383066    2.73698483    0.00022677    c      6      6.     0 12.011
    -2.41665736    2.74828540    0.00026456    c      6      6.     0 12.011
    -2.22734459    5.41361181    0.00030236    c      6      6.     0 12.011
     7.89979220    2.01741492   -0.00069920    h      3      1.     0  1.008
     9.85144465   -2.31177756   -0.00030236    h      3      1.     0  1.008
     7.14991107   -6.16016702    0.00058582    h      3      1.     0  1.008
     2.43183186   -5.82258634    0.00018897    h      3      1.     0  1.008
    -2.63766083   -5.84140801    0.00035905    h      3      1.     0  1.008
    -7.36250526   -5.94213042   -0.00028346    h      3      1.     0  1.008
    -8.02307793    1.87447604   -0.00051023    h      3      1.     0  1.008
     0.37565866    8.56350181    0.00052912    h      3      1.     0  1.008
    -3.86983785    6.67103558    0.00039684    h      3      1.     0  1.008
 

 we will work with the  1s 3p 5d

 there are 1 real representations :   a   

 OCCUPATION NUMBER & MOLECULAR ORBITAL DEFINITION MENU 

 CHOOSE COMMAND 
 infsao     : OUTPUT SAO INFORMATION 
 atb        : Switch for writing MOs in ASCII or binary format
 eht        : PROVIDE MOS && OCCUPATION NUMBERS FROM EXTENDED HUECKEL GUESS 
 use <file> : SUPPLY MO INFORMATION USING DATA FROM <file> 
 man        : MANUAL SPECIFICATION OF OCCUPATION NUMBERS 
 hcore      : HAMILTON CORE GUESS FOR MOS
 flip       : FLIP SPIN OF A SELECTED ATOM
 &          : MOVE BACK TO THE ATOMIC ATTRIBUTES MENU
 THE COMMANDS  use  OR  eht  OR  *  OR q(uit) TERMINATE THIS MENU !!! 
 FOR EXPLANATIONS APPEND A QUESTION MARK (?) TO ANY COMMAND 


 PROVIDING EHT AOS FOR THE FOLLOWING SET OF ATOMS :
     1 c            2 c            3 c            4 c            5 c       
     6 c            8 c            9 c           10 c           11 c       
    12 c           14 c           15 c           17 c           18 c       
    19 c       
 for the   6 electrons of the actual atom you have
 to provide at least basis functions for the AO's :   2s  1p  0d  0f


 PROVIDING EHT AOS FOR THE FOLLOWING SET OF ATOMS :
     7 n           13 n           16 n       
 for the   7 electrons of the actual atom you have
 to provide at least basis functions for the AO's :   2s  1p  0d  0f


 PROVIDING EHT AOS FOR THE FOLLOWING SET OF ATOMS :
    20 h           21 h           22 h           23 h           24 h       
    25 h           26 h           27 h           28 h       
 for the   1 electrons of the actual atom you have
 to provide at least basis functions for the AO's :   1s  0p  0d  0f


 DO YOU WANT THE DEFAULT PARAMETERS FOR THE EXTENDED HUECKEL CALCULATION ? 
 DEFAULT=y   HELP=? 


 JUST SETTING UP HUECKEL MATRIX ! 


 HUECKEL EQUATIONS ARE BEING SOLVED 


 ENTER THE MOLECULAR CHARGE  (DEFAULT=0) 


 NUMBER OF ELECTRONS IN YOUR MOLECULE IS  126


 AUTOMATIC OCCUPATION NUMBER ASSIGNMENT ESTABLISHED !
 FOUND CLOSED SHELL SYSTEM !
 HOMO/LUMO-SEPARATION :  0.051079
 ORBITAL  SYMMETRY      ENERGY     DEFAULT 
 (SHELL)    TYPE                 OCCUPATION 
    60    60a          -0.43610      2
    61    61a          -0.41994      2
    62    62a          -0.41573      2
    63    63a          -0.37968      2
    64    64a          -0.32860      0
    65    65a          -0.29309      0
    66    66a          -0.26404      0

 DO YOU ACCEPT THIS OCCUPATION ?  DEFAULT=y 


 PROVIDING  'derivative'  DEFAULT PARAMETERS ...

 PROVIDING FORCE RELAXATION DEFAULT PARAMETERS ...

    mo occupation :
   irrep   mo's   occupied
    a      311       63
 
 number of basis functions   :   311
 number of occupied orbitals :    63
 
 GENERAL MENU : SELECT YOUR TOPIC 
 scf    : SELECT NON-DEFAULT SCF PARAMETER 
 mp2    : OPTIONS AND DATA GROUPS FOR rimp2 and mpgrad
 cc     : OPTIONS AND DATA GROUPS FOR ricc2
 pnocc  : OPTIONS AND DATA GROUPS FOR pnoccsd
 ex     : EXCITED STATE AND RESPONSE OPTIONS
 prop   : SELECT TOOLS FOR SCF-ORBITAL ANALYSIS 
 drv    : SELECT NON-DEFAULT INPUT PARAMETER FOR EVALUATION
          OF ANALYTICAL ENERGY DERIVATIVES 
          (GRADIENTS, FORCE CONSTANTS) 
 rex    : SELECT OPTIONS FOR GEOMETRY UPDATES USING RELAX
 stp    : SELECT NON-DEFAULT STRUCTURE OPTIMIZATION PARAMETER
 e      : DEFINE EXTERNAL ELECTROSTATIC FIELD 
 dft    : DFT Parameters 
 ri     : RI Parameters 
 rijk   : RI-JK-HF Parameters 
 rirpa  : RIRPA Parameters 
 gw     : OPTIONS AND DATA GROUPS FOR GW (escf) 
 senex  : seminumeric exchange parameters 
 hybno  : hybrid Noga/Diag parameters
 dsp    : DFT dispersion correction
 nmr    : NMR shift parameters
 ncoup  : NMR coupling parameters
 trunc  : USE TRUNCATED AUXBASIS DURING ITERATIONS 
 marij  : MULTIPOLE ACCELERATED RI-J 

 dis    : DISPLAY MOLECULAR GEOMETRY 
 list   : LIST OF CONTROL FILE 
 &      : GO BACK TO OCCUPATION/ORBITAL ASSIGNMENT MENU
 * or q : END OF DEFINE SESSION 


 ENTER SCF-OPTION TO BE MODIFIED 

 conv   : ACCURACY OF SCF-ENERGY           $scfconv 
 thi    : INTEGRAL STORAGE CRITERIA        $thize  $thime 
 ints   : INTEGRAL STORAGE ALLOCATION      $scfintunit 
 iter   : MAXIMUM NUMBER OF ITERATIONS     $scfiterlimit 
 diis   : DIIS CONVERGENCE ACCELERATION    $scfdiis 
 damp   : OPTIONS FOR DAMPING              $scfdamp 
 shift  : SHIFTING OF ORBITALS             $scforbitalshift  
 order  : ORDERING OF ORBITALS             $scforbitalorder 
 fermi  : THERMAL SMEARING OF OCC. NUMBERS $fermi
 pdiag  : PREDIAGONALIZATION               $prediag
 soghf  : SPIN ORBIT GENERALIZED SCF       $soghf  
 x2c    : EXACT 2C HAMILTONIAN             $rx2c 
 rlocal : DLU SCHEME FOR X2C               $rlocal 
 finnuc : FINITE NUCLEUS MODEL             $finnuc 
 rsym   : RELATIVISTIC SYMMETRY            $rsym 
 snso   : SCREENED NUCLEAR SPIN ORBIT      $snso 


 CURRENT VALUE FOR MAXIMUM NUMBER OF SCF-ITERATIONS : 30

 ENTER NEW VALUE FOR MAXIMUM NUMBER OF SCF-ITERATIONS 
 DEFAULT= 30


 ENTER SCF-OPTION TO BE MODIFIED 

 conv   : ACCURACY OF SCF-ENERGY           $scfconv 
 thi    : INTEGRAL STORAGE CRITERIA        $thize  $thime 
 ints   : INTEGRAL STORAGE ALLOCATION      $scfintunit 
 iter   : MAXIMUM NUMBER OF ITERATIONS     $scfiterlimit 
 diis   : DIIS CONVERGENCE ACCELERATION    $scfdiis 
 damp   : OPTIONS FOR DAMPING              $scfdamp 
 shift  : SHIFTING OF ORBITALS             $scforbitalshift  
 order  : ORDERING OF ORBITALS             $scforbitalorder 
 fermi  : THERMAL SMEARING OF OCC. NUMBERS $fermi
 pdiag  : PREDIAGONALIZATION               $prediag
 soghf  : SPIN ORBIT GENERALIZED SCF       $soghf  
 x2c    : EXACT 2C HAMILTONIAN             $rx2c 
 rlocal : DLU SCHEME FOR X2C               $rlocal 
 finnuc : FINITE NUCLEUS MODEL             $finnuc 
 rsym   : RELATIVISTIC SYMMETRY            $rsym 
 snso   : SCREENED NUCLEAR SPIN ORBIT      $snso 


 CURRENT VALUES FOR DAMPING PARAMETERS : 
$scfdamp   start=  0.300  step=  0.050  min=  0.100


 ENTER START VALUE FOR DAMPING  (DEFAULT=  0.300)
 

 ENTER INCREMENT FOR REDUCTION OF DAMPING  (DEFAULT=0.050)


 ENTER MINIMAL DAMPING , (DEFAULT=  0.100)


 ENTER SCF-OPTION TO BE MODIFIED 

 conv   : ACCURACY OF SCF-ENERGY           $scfconv 
 thi    : INTEGRAL STORAGE CRITERIA        $thize  $thime 
 ints   : INTEGRAL STORAGE ALLOCATION      $scfintunit 
 iter   : MAXIMUM NUMBER OF ITERATIONS     $scfiterlimit 
 diis   : DIIS CONVERGENCE ACCELERATION    $scfdiis 
 damp   : OPTIONS FOR DAMPING              $scfdamp 
 shift  : SHIFTING OF ORBITALS             $scforbitalshift  
 order  : ORDERING OF ORBITALS             $scforbitalorder 
 fermi  : THERMAL SMEARING OF OCC. NUMBERS $fermi
 pdiag  : PREDIAGONALIZATION               $prediag
 soghf  : SPIN ORBIT GENERALIZED SCF       $soghf  
 x2c    : EXACT 2C HAMILTONIAN             $rx2c 
 rlocal : DLU SCHEME FOR X2C               $rlocal 
 finnuc : FINITE NUCLEUS MODEL             $finnuc 
 rsym   : RELATIVISTIC SYMMETRY            $rsym 
 snso   : SCREENED NUCLEAR SPIN ORBIT      $snso 

 GENERAL MENU : SELECT YOUR TOPIC 
 scf    : SELECT NON-DEFAULT SCF PARAMETER 
 mp2    : OPTIONS AND DATA GROUPS FOR rimp2 and mpgrad
 cc     : OPTIONS AND DATA GROUPS FOR ricc2
 pnocc  : OPTIONS AND DATA GROUPS FOR pnoccsd
 ex     : EXCITED STATE AND RESPONSE OPTIONS
 prop   : SELECT TOOLS FOR SCF-ORBITAL ANALYSIS 
 drv    : SELECT NON-DEFAULT INPUT PARAMETER FOR EVALUATION
          OF ANALYTICAL ENERGY DERIVATIVES 
          (GRADIENTS, FORCE CONSTANTS) 
 rex    : SELECT OPTIONS FOR GEOMETRY UPDATES USING RELAX
 stp    : SELECT NON-DEFAULT STRUCTURE OPTIMIZATION PARAMETER
 e      : DEFINE EXTERNAL ELECTROSTATIC FIELD 
 dft    : DFT Parameters 
 ri     : RI Parameters 
 rijk   : RI-JK-HF Parameters 
 rirpa  : RIRPA Parameters 
 gw     : OPTIONS AND DATA GROUPS FOR GW (escf) 
 senex  : seminumeric exchange parameters 
 hybno  : hybrid Noga/Diag parameters
 dsp    : DFT dispersion correction
 nmr    : NMR shift parameters
 ncoup  : NMR coupling parameters
 trunc  : USE TRUNCATED AUXBASIS DURING ITERATIONS 
 marij  : MULTIPOLE ACCELERATED RI-J 

 dis    : DISPLAY MOLECULAR GEOMETRY 
 list   : LIST OF CONTROL FILE 
 &      : GO BACK TO OCCUPATION/ORBITAL ASSIGNMENT MENU
 * or q : END OF DEFINE SESSION 


 INPUT MENU FOR CALCULATIONS WITH ricc2:
 (#atoms= 28   #bas= 28   #cbas=  0   #cabs=  0   #jkbas=  0   )
 freeze  : SET FROZEN OCCUPIED/VIRTUAL ORBITAL OPTIONS
 cbas    : ASSIGN AUXILIARY (CBAS) BASIS SETS
 memory  : SET MAXIMUM CORE MEMORY (PRESENT VALUE:    500 MiB  per_core)
 denconv : CONVERGENCE THRESHOLD FOR SCF DENSITY (0.1E-06 )
 tmpdir  : DEFINE PATH FOR TEMPORY FILES
 ricc2   : DATA GROUP $ricc2 (MODELS AND GLOBAL OPTIONS)
 f12     : DATA GROUP $rir12 (F12 APPROX. AND OPTIONS)
 exci    : INPUT FOR CALCULATION OF EXCITATION ENERGIES
 resp    : INPUT FOR GROUND STATE PROPERTIES
 cabs    : ASSIGN COMPLEMENTARY AUXILIARY (CABS) BASIS SETS
 jkbas   : ASSIGN AUXILIARY BASIS FOR FOCK MATRICES (JKBAS)
 other   : OTHER DIVERSE OPTIONS
 * / end : SAVE DEFINITIONS AND LEAVE MENU

 INPUT MENU FOR CALCULATIONS WITH ricc2:
 (#atoms= 28   #bas= 28   #cbas=  0   #cabs=  0   #jkbas=  0   )
 freeze  : SET FROZEN OCCUPIED/VIRTUAL ORBITAL OPTIONS
 cbas    : ASSIGN AUXILIARY (CBAS) BASIS SETS
 memory  : SET MAXIMUM CORE MEMORY (PRESENT VALUE: $maxcor   9537 MiB  per_core)
 denconv : CONVERGENCE THRESHOLD FOR SCF DENSITY (0.1E-06 )
 tmpdir  : DEFINE PATH FOR TEMPORY FILES
 ricc2   : DATA GROUP $ricc2 (MODELS AND GLOBAL OPTIONS)
 f12     : DATA GROUP $rir12 (F12 APPROX. AND OPTIONS)
 exci    : INPUT FOR CALCULATION OF EXCITATION ENERGIES
 resp    : INPUT FOR GROUND STATE PROPERTIES
 cabs    : ASSIGN COMPLEMENTARY AUXILIARY (CABS) BASIS SETS
 jkbas   : ASSIGN AUXILIARY BASIS FOR FOCK MATRICES (JKBAS)
 other   : OTHER DIVERSE OPTIONS
 * / end : SAVE DEFINITIONS AND LEAVE MENU

 NO DEFINITION OF BASIS SETS ($cbas) IN control
  TRY TO OBTAIN BASIS SETS FROM LIBRARY !

  Keyword $cbas  missing in file <control>

 c cc-pVDZ                                                               
 # c (7s5p4d2f)                                                          
 # Note: new optimized cc-pVDZ auxliary basis                            
 #  MP2-energy (RI):    -0.05311100 H                                    
 #  EMP2(RI) - EMP2:    -0.012719   uH                                   
 #  delta/|EMP2|:        0.001395   ppm                                  
 # Ref.: C. Hättig, PCCP 7 (2005) 59-66.                                 
 # Ref.: Weigend, Köhn, Hättig, JCP 116 (2002) 3175.                     

  Keyword $cbas  missing in file <control>

 n cc-pVDZ                                                               
 # n (7s5p4d2f)                                                          
 # Note: new optimized cc-pVDZ auxliary basis                            
 #  MP2-energy (RI):    -0.07232299 H                                    
 #  EMP2(RI) - EMP2:     0.260046   uH                                   
 #  delta/|EMP2|:        0.000660   ppm                                  
 # Ref.: C. Hättig, PCCP 7 (2005) 59-66.                                 
 # Ref.: Weigend, Köhn, Hättig, JCP 116 (2002) 3175.                     

  Keyword $cbas  missing in file <control>

 h cc-pVDZ                                                               
 h cc-pCVDZ                                                              
 h cc-pwCVDZ                                                             
 # h     (3s2p1d)                                                        
 # h2 molecule, r=1.4115 bohr:                                           
 #  MP2-energy (RI):    -0.02642296 H                                    
 #  EMP2(RI) - EMP2:    11.285822   uH                                   
 #  delta/|EMP2|:        0.130905   ppm                                  
 # Ref.: Weigend, Köhn, Hättig, JCP 116 (2002) 3175.                     

 AUXILIARY BASIS SET DEFINITION MENU 
 ( #atoms=28    #cbas=28    )
 b      : ASSIGN ATOMIC BASIS SETS 
 bb     : b RESTRICTED TO BASIS SET LIBRARY 
 bl     : LIST ATOMIC BASIS SETS ASSIGNED
 bm     : MODIFY DEFINITION OF ATOMIC BASIS SET
 lib    : SELECT BASIS SET LIBRARY
 dis    : DISPLAY MOLECULAR GEOMETRY 
 dat    : DISPLAY ATOMIC ATTRIBUTES YET ESTABLISHED 
 h      : EXPLANATION OF ATTRIBUTE DEFINITION SYNTAX 
 * / end: END THIS SECTION AND SAVE DATA ON FILE control

 INPUT MENU FOR CALCULATIONS WITH ricc2:
 (#atoms= 28   #bas= 28   #cbas= 28   #cabs=  0   #jkbas=  0   )
 freeze  : SET FROZEN OCCUPIED/VIRTUAL ORBITAL OPTIONS
 cbas    : ASSIGN AUXILIARY (CBAS) BASIS SETS
 memory  : SET MAXIMUM CORE MEMORY (PRESENT VALUE: $maxcor   9537 MiB  per_core)
 denconv : CONVERGENCE THRESHOLD FOR SCF DENSITY (0.1E-06 )
 tmpdir  : DEFINE PATH FOR TEMPORY FILES
 ricc2   : DATA GROUP $ricc2 (MODELS AND GLOBAL OPTIONS)
 f12     : DATA GROUP $rir12 (F12 APPROX. AND OPTIONS)
 exci    : INPUT FOR CALCULATION OF EXCITATION ENERGIES
 resp    : INPUT FOR GROUND STATE PROPERTIES
 cabs    : ASSIGN COMPLEMENTARY AUXILIARY (CABS) BASIS SETS
 jkbas   : ASSIGN AUXILIARY BASIS FOR FOCK MATRICES (JKBAS)
 other   : OTHER DIVERSE OPTIONS
 * / end : SAVE DEFINITIONS AND LEAVE MENU

 <model>    : add wavefunction model to calculation
              (type 'list models' for a list)
 scs,sos    : switches for spin component scaled MP2
              (type 'list scs' for details)
 oconv <n>  : threshold for vector function    (10^ -5.)
 conv <n>   : convergence threshold for energy (10^ -6.)
 lindep     : linear dependence threshold      (10^-14.)
 maxiter    : max. number of iterations        ( 100)
 mxdiis     : max. number of DIIS vectors      (  10)
 maxred     : max. dim. of reduced space       ( 100)
 geoopt <m> <x> : optimize geometry for wavefunction <m>
                  and state <x> (type 'list geoopt' for details)
 *,end      : write $ricc2 to file and leave the menu
 &          : go back - leaving $ricc2 unchanged...


 <model>    : add wavefunction model to calculation
              (type 'list models' for a list)
 scs,sos    : switches for spin component scaled MP2
              (type 'list scs' for details)
 oconv <n>  : threshold for vector function    (10^ -5.)
 conv <n>   : convergence threshold for energy (10^ -6.)
 lindep     : linear dependence threshold      (10^-14.)
 maxiter    : max. number of iterations        ( 100)
 mxdiis     : max. number of DIIS vectors      (  10)
 maxred     : max. dim. of reduced space       ( 100)
 geoopt <m> <x> : optimize geometry for wavefunction <m>
                  and state <x> (type 'list geoopt' for details)
 *,end      : write $ricc2 to file and leave the menu
 &          : go back - leaving $ricc2 unchanged...


 <model>    : add wavefunction model to calculation
              (type 'list models' for a list)
 scs,sos    : switches for spin component scaled MP2
              (type 'list scs' for details)
 oconv <n>  : threshold for vector function    (10^ -5.)
 conv <n>   : convergence threshold for energy (10^ -6.)
 lindep     : linear dependence threshold      (10^-14.)
 maxiter    : max. number of iterations        ( 100)
 mxdiis     : max. number of DIIS vectors      (  10)
 maxred     : max. dim. of reduced space       ( 100)
 geoopt <m> <x> : optimize geometry for wavefunction <m>
                  and state <x> (type 'list geoopt' for details)
 *,end      : write $ricc2 to file and leave the menu
 &          : go back - leaving $ricc2 unchanged...


 INPUT MENU FOR CALCULATIONS WITH ricc2:
 (#atoms= 28   #bas= 28   #cbas= 28   #cabs=  0   #jkbas=  0   )
 freeze  : SET FROZEN OCCUPIED/VIRTUAL ORBITAL OPTIONS
 cbas    : ASSIGN AUXILIARY (CBAS) BASIS SETS
 memory  : SET MAXIMUM CORE MEMORY (PRESENT VALUE: $maxcor   9537 MiB  per_core)
 denconv : CONVERGENCE THRESHOLD FOR SCF DENSITY (0.1E-06 )
 tmpdir  : DEFINE PATH FOR TEMPORY FILES
 ricc2   : DATA GROUP $ricc2 (MODELS AND GLOBAL OPTIONS)
 f12     : DATA GROUP $rir12 (F12 APPROX. AND OPTIONS)
 exci    : INPUT FOR CALCULATION OF EXCITATION ENERGIES
 resp    : INPUT FOR GROUND STATE PROPERTIES
 cabs    : ASSIGN COMPLEMENTARY AUXILIARY (CABS) BASIS SETS
 jkbas   : ASSIGN AUXILIARY BASIS FOR FOCK MATRICES (JKBAS)
 other   : OTHER DIVERSE OPTIONS
 * / end : SAVE DEFINITIONS AND LEAVE MENU

 irrep       : number of excitations for a given symmetry
 spectrum    : give input for spectrum (transition moments)
 exprop      : give input for excited state properties
 conv <n>    : convergence threshold for energy    (10^ -6.)
 thrdiis <n> : threshold for switching on DIIS     (10^ -2.)
 preopt <n>  : threshold for pre-optimization      (10^ -6.)
 list <opt>  : print status & help for option <opt>
 del  <opt>  : delete input for option <opt>
 * / end     : write $ricc2 to file and leave the menu
 &           : go back - leaving $ricc2 unchanged...
 <opt> = irrep, spectrum, or exprop


 irrep       : number of excitations for a given symmetry
 spectrum    : give input for spectrum (transition moments)
 exprop      : give input for excited state properties
 conv <n>    : convergence threshold for energy    (10^ -6.)
 thrdiis <n> : threshold for switching on DIIS     (10^ -2.)
 preopt <n>  : threshold for pre-optimization      (10^ -6.)
 list <opt>  : print status & help for option <opt>
 del  <opt>  : delete input for option <opt>
 * / end     : write $ricc2 to file and leave the menu
 &           : go back - leaving $ricc2 unchanged...
 <opt> = irrep, spectrum, or exprop


 irrep       : number of excitations for a given symmetry
 spectrum    : give input for spectrum (transition moments)
 exprop      : give input for excited state properties
 conv <n>    : convergence threshold for energy    (10^ -6.)
 thrdiis <n> : threshold for switching on DIIS     (10^ -2.)
 preopt <n>  : threshold for pre-optimization      (10^ -6.)
 list <opt>  : print status & help for option <opt>
 del  <opt>  : delete input for option <opt>
 * / end     : write $ricc2 to file and leave the menu
 &           : go back - leaving $ricc2 unchanged...
 <opt> = irrep, spectrum, or exprop


 INPUT MENU FOR CALCULATIONS WITH ricc2:
 (#atoms= 28   #bas= 28   #cbas= 28   #cabs=  0   #jkbas=  0   )
 freeze  : SET FROZEN OCCUPIED/VIRTUAL ORBITAL OPTIONS
 cbas    : ASSIGN AUXILIARY (CBAS) BASIS SETS
 memory  : SET MAXIMUM CORE MEMORY (PRESENT VALUE: $maxcor   9537 MiB  per_core)
 denconv : CONVERGENCE THRESHOLD FOR SCF DENSITY (0.1E-06 )
 tmpdir  : DEFINE PATH FOR TEMPORY FILES
 ricc2   : DATA GROUP $ricc2 (MODELS AND GLOBAL OPTIONS)
 f12     : DATA GROUP $rir12 (F12 APPROX. AND OPTIONS)
 exci    : INPUT FOR CALCULATION OF EXCITATION ENERGIES
 resp    : INPUT FOR GROUND STATE PROPERTIES
 cabs    : ASSIGN COMPLEMENTARY AUXILIARY (CABS) BASIS SETS
 jkbas   : ASSIGN AUXILIARY BASIS FOR FOCK MATRICES (JKBAS)
 other   : OTHER DIVERSE OPTIONS
 * / end : SAVE DEFINITIONS AND LEAVE MENU
 GENERAL MENU : SELECT YOUR TOPIC 
 scf    : SELECT NON-DEFAULT SCF PARAMETER 
 mp2    : OPTIONS AND DATA GROUPS FOR rimp2 and mpgrad
 cc     : OPTIONS AND DATA GROUPS FOR ricc2
 pnocc  : OPTIONS AND DATA GROUPS FOR pnoccsd
 ex     : EXCITED STATE AND RESPONSE OPTIONS
 prop   : SELECT TOOLS FOR SCF-ORBITAL ANALYSIS 
 drv    : SELECT NON-DEFAULT INPUT PARAMETER FOR EVALUATION
          OF ANALYTICAL ENERGY DERIVATIVES 
          (GRADIENTS, FORCE CONSTANTS) 
 rex    : SELECT OPTIONS FOR GEOMETRY UPDATES USING RELAX
 stp    : SELECT NON-DEFAULT STRUCTURE OPTIMIZATION PARAMETER
 e      : DEFINE EXTERNAL ELECTROSTATIC FIELD 
 dft    : DFT Parameters 
 ri     : RI Parameters 
 rijk   : RI-JK-HF Parameters 
 rirpa  : RIRPA Parameters 
 gw     : OPTIONS AND DATA GROUPS FOR GW (escf) 
 senex  : seminumeric exchange parameters 
 hybno  : hybrid Noga/Diag parameters
 dsp    : DFT dispersion correction
 nmr    : NMR shift parameters
 ncoup  : NMR coupling parameters
 trunc  : USE TRUNCATED AUXBASIS DURING ITERATIONS 
 marij  : MULTIPOLE ACCELERATED RI-J 

 dis    : DISPLAY MOLECULAR GEOMETRY 
 list   : LIST OF CONTROL FILE 
 &      : GO BACK TO OCCUPATION/ORBITAL ASSIGNMENT MENU
 * or q : END OF DEFINE SESSION 


 ***********************************************************
 *                                                         *
 *                       e n d   o f                       *
 *                       D E F I N E                       *
 *                                                         *
 ***********************************************************


    ------------------------------------------------------------------------
         total  cpu-time :   0.22 seconds
         total wall-time :   2.08 seconds
    ------------------------------------------------------------------------

   ****  define : all done  ****


    2022-01-15 08:31:15.710 

