
  ========================================================================
                license information 
    WARNING: License file not found!
             Please copy license.txt to $TURBODIR/LICENSE/
 No valid license file found, switching to DEMO mode
  ========================================================================

   OpenMP run-time library returned nthreads =  1

 dscf (oliver-Inspiron-7591) : TURBOMOLE rev. V7.4.1 (2bfdd732) compiled 4 Nov 2019 at 15:42:21
 Copyright (C) 2019 TURBOMOLE GmbH, Karlsruhe


    2021-04-15 11:51:22.743 

no calculation of wave function, analysis of properties only


                             d s c f - program

                   idea & directorship : reinhart ahlrichs
                   program development : marco haeser
                                         michael baer
                           dft version : oliver treutler


                          quantum chemistry group
                          universitaet  karlsruhe
                                  germany




                          References             
                                                 
          TURBOMOLE:                             
              R. Ahlrichs, M. Baer, M. Haeser, H. Horn, and
              C. Koelmel
              Electronic structure calculations on workstation
              computers: the program system TURBOMOLE
              Chem. Phys. Lett. 162: 165 (1989)
          Density Functional:                              
              O. Treutler and R. Ahlrichs                      
              Efficient Molecular Numerical Integration Schemes
              J. Chem. Phys. 102: 346 (1995)                   
          Parallel Version:                                
              Performance of parallel TURBOMOLE for Density    
              Functional Calculations                          
              M. v. Arnim and R. Ahlrichs                      
              J. Comp. Chem. 19: 1746 (1998)                   
                                         




              +--------------------------------------------------+
              | Atomic coordinate, charge and isotop information |
              +--------------------------------------------------+

                    atomic coordinates            atom    charge  isotop
         -2.30084970   -1.32841796   -0.00000012    c      6.000     0
         -2.30086963    1.32837870    0.00000005    c      6.000     0
          0.00000937   -2.65680206    0.00000019    c      6.000     0
          2.30085447   -1.32838671    0.00000005    c      6.000     0
         -0.00002714    2.65679241    0.00000019    c      6.000     0
          2.30083482    1.32840707   -0.00000012    c      6.000     0
         -4.09338553   -2.36334873   -0.00000003    h      1.000     0
          0.00002617   -4.72664806   -0.00000019    h      1.000     0
         -4.09342034    2.36328277    0.00000012    h      1.000     0
         -0.00003332    4.72663846   -0.00000022    h      1.000     0
          4.09336568    2.36334591   -0.00000000    h      1.000     0
          4.09340065   -2.36329849    0.00000009    h      1.000     0
 
       center of nuclear mass  :   -0.00000795   -0.00000475    0.00000003
       center of nuclear charge:   -0.00000794   -0.00000475    0.00000003

   *************************************************************************
   Orbitals_Orbital_Cubes_for__Storage_oliver_Chemistry_St._Andrews_PhD_Test
   *************************************************************************



              +--------------------------------------------------+
              |               basis set information              |
              +--------------------------------------------------+

              we will work with the 1s 3p 5d 7f 9g ... basis set
              ...i.e. with spherical basis functions...

   type   atoms  prim   cont   basis
   ---------------------------------------------------------------------------
    c        6     34     14   cc-pVDZ   [3s2p1d|17s4p1d]
    h        6      7      5   cc-pVDZ   [2s1p|4s1p]
   ---------------------------------------------------------------------------
   total:   12    246    114
   ---------------------------------------------------------------------------

   total number of primitive shells          :   27
   total number of contracted shells         :   54
   total number of cartesian basis functions :  120
   total number of SCF-basis functions       :  114


 integral neglect threshold       :  0.28E-10
 integral storage threshold THIZE :  0.10E-04
 integral storage threshold THIME :         5


 DENSITY CONVERGENCE CHECK SWITCHED ON !
 SCF CONVERGENCE IF RMS(delta[D]) <     0.1000000000E-06


 symmetry group of the molecule :   c1 

 the group has the following generators :
   c1(z)

    1 symmetry operations found

 there are 1 real representations :   a   

 maximum number of shells which are related by symmetry :  1


    mo occupation :
   irrep   mo's   occupied
    a      114       21
 
 number of basis functions   :                    114
 number of occupied orbitals :                     21
 

 automatic virtual orbital shift switched on 
      shift if e(lumo)-e(homo) < 0.10000000    


          ------------------------
          nuclear repulsion energy  :   201.813068435    
          ------------------------


         -----------------
         -S,T+V- integrals
         -----------------

 1e-integrals will be neglected if expon. factor < 0.278497E-11
 
   Difference densities algorithm switched on.
   The maximal number of linear combinations of
   difference densities is                    20 .

 DIIS switched on: error vector is FDS-SDF
 Max. Iterations for DIIS is     :   5
 DIIS matrix (see manual) 
    Scaling factor of diagonals  :  1.200
    threshold for scaling factor :  0.000

 scf convergence criterion : increment of total energy < .1000000D-06
                  and increment of one-electron energy < .1000000D-03

  MOs are in ASCII format !


 reading orbital data $scfmo  from file mos
 orbital characterization : scfconv=7
 
 
 
 ==============================================================================
                           electrostatic moments
 ==============================================================================

 reference point for electrostatic moments:    0.00000   0.00000   0.00000

 
              nuc           elec       ->  total
 ------------------------------------------------------------------------------
                          charge      
 ------------------------------------------------------------------------------
          42.000000     -42.000000      -0.000000
 
 ------------------------------------------------------------------------------
                       dipole moment  
 ------------------------------------------------------------------------------
   x      -0.000334       0.000333      -0.000000
   y      -0.000199       0.000199      -0.000000
   z       0.000001      -0.000001      -0.000000
 
   | dipole moment | =     0.0000 a.u. =     0.0000 debye 
 
 ------------------------------------------------------------------------------
                     quadrupole moment
 ------------------------------------------------------------------------------
  xx     194.077562    -217.662458     -23.584896
  yy     194.077643    -217.662538     -23.584895
  zz       0.000000     -30.235660     -30.235660
  xy      -0.000056       0.000056      -0.000000
  xz       0.000000      -0.000000      -0.000000
  yz      -0.000000       0.000000       0.000000
 
     1/3  trace=     -25.801817
     anisotropy=       6.650765
 
 
 ==============================================================================
                      CALCULATION OF QUANTITIES ON GRID
 ==============================================================================
 
 
     output format: .cub (cube format)
 
 
 quantities to be calculated are 
 density                     file: ..d.cub
 amplitudes of    2 MOs
 
 calculation at a grid of   40*   87*   81 points
 
 origin at            0.00000        0.00000        0.00000
 
 normalised grid vectors:
                        x              y              z
  1. vector:         0.00000        0.00000        1.00000
  2. vector:         0.00000        1.00000        0.00000
  3. vector:         1.00000        0.00000        0.00000
 
                     minimum       increment       maximum
  1. vector:        -4.00000        0.20513        4.00000
  2. vector:        -8.72665        0.20295        8.72664
  3. vector:        -8.09342        0.20234        8.09340
 
 amplitudes on grid will be calculated for
  MO   col spin   energy/a.u   output file
  21a             -0.33198     21a.cub                                 
  22a              0.13421     22a.cub                                 
 
 ==============================================================================
 
HOMO-LUMO Separation
 HOMO         :   -0.33197583 H =     -9.03353 eV
 LUMO         :    0.13421421 H =     +3.65216 eV
 HOMO-LUMO gap:    0.46619004 H =    +12.68568 eV
 
 ==============================================================================


    ------------------------------------------------------------------------
         total  cpu-time :   1.51 seconds
         total wall-time :   1.52 seconds
    ------------------------------------------------------------------------

   ****  dscf : all done  ****


    2021-04-15 11:51:24.243 

