
 define (kennedy28) : TURBOMOLE rev. V7.5.0 compiled 13 Jun 2020 at 23:29:25
 Copyright (C) 2020 TURBOMOLE GmbH, Karlsruhe


    2021-05-26 09:19:14.371 

                    HOST NAME = kennedy28
             OPERATING SYSTEM = unix
   STANDARD BASIS SET LIBRARY = /gpfs1/apps/software/TURBOMOLE//basen/
  ALTERNATE BASIS SET LIBRARY = /gpfs1/apps/software/TURBOMOLE//basold/
 LIBRARY FOR RI-J  BASIS SETS = /gpfs1/apps/software/TURBOMOLE//jbasen/
 LIBRARY FOR RI-JK BASIS SETS = /gpfs1/apps/software/TURBOMOLE//jkbasen/
 LIBRARY FOR RIMP2/RICC2 SETS = /gpfs1/apps/software/TURBOMOLE//cbasen/
 LIBRARY FOR RIR12 BASIS SETS = /gpfs1/apps/software/TURBOMOLE//cabasen/
 LIBRARY FOR OEP   BASIS SETS = /gpfs1/apps/software/TURBOMOLE//xbasen/
            STRUCTURE LIBRARY = /gpfs1/apps/software/TURBOMOLE//structures/
 

 ***********************************************************
 *                                                         *
 *                       D E F I N E                       *
 *                                                         *
 *         TURBOMOLE'S  INTERACTIVE  INPUT  PROGRAM        *
 *                                                         *
 *  Quantum Chemistry Group       University of Karlsruhe  *
 *                                                         *
 ***********************************************************


 DATA WILL BE WRITTEN TO THE NEW FILE control

 IF YOU WANT TO READ DEFAULT-DATA FROM ANOTHER control-TYPE FILE,
 THEN ENTER ITS LOCATION/NAME OR OTHERWISE HIT >return<.

 
 INPUT TITLE OR 
 ENTER & TO REPEAT DEFINITION OF DEFAULT INPUT FILE 

 symmetry group of the molecule :   c1 

 the group has the following generators :
   c1(z)

    1 symmetry operations found

 SPECIFICATION OF MOLECULAR GEOMETRY ( #ATOMS=0     SYMMETRY=c1  )
 YOU MAY USE ONE OF THE FOLLOWING COMMANDS : 
 sy <group> <eps> : DEFINE MOLECULAR SYMMETRY (default for eps=3d-1)
 desy <eps>       : DETERMINE MOLECULAR SYMMETRY AND ADJUST 
                     COORDINATES (default for eps=1d-6)
 syndi <eps>      : LIKE DESY, BUT FIND ONLY GROUPS WITH NON-
                     DEGENERATE IRREPS (D2h AND SUBGROUPS)
 susy             : ADJUST COORDINATES FOR SUBGROUPS
 ai               : ADD ATOMIC COORDINATES INTERACTIVELY
 a <file>         : ADD ATOMIC COORDINATES FROM FILE <file>
 aa <file>        : ADD ATOMIC COORDINATES IN ANGSTROEM UNITS FROM FILE <file>
 sub              : SUBSTITUTE AN ATOM BY A GROUP OF ATOMS
 i                : INTERNAL COORDINATE MENU 
 ired             : REDUNDANT INTERNAL COORDINATES
 red_info         : DISPLAY REDUNDANT INTERNAL COORDINATES
 ff               : UFF-FORCEFIELD CALCULATION
 m                : MANIPULATE GEOMETRY
 frag             : Define Fragments for BSSE calculation
 w <file>         : WRITE MOLECULAR COORDINATES TO FILE <file> 
 r <file>         : RELOAD ATOMIC AND INTERNAL COORDINATES FROM FILE <file>
 name             : CHANGE ATOMIC IDENTIFIERS 
 del              : DELETE ATOMS 
 fix              : FIX ATOMS 
 dis              : DISPLAY MOLECULAR GEOMETRY 
 banal            : CARRY OUT BOND ANALYSIS 
 *                : TERMINATE MOLECULAR GEOMETRY SPECIFICATION 
                     AND WRITE GEOMETRY DATA TO CONTROL FILE 

 IF YOU APPEND A QUESTION MARK TO ANY COMMAND AN EXPLANATION
 OF THAT COMMAND MAY BE GIVEN 


 CARTESIAN COORDINATES FOR 102 ATOMS HAVE SUCCESSFULLY 
 BEEN ADDED. 
 DEFINITIONS OF INTERNAL COORDINATES HAVE  N O T  BEEN READ. 
 SPECIFICATION OF BOND TOPOLOGY HAS  N O T  BEEN READ. 

 SPECIFICATION OF MOLECULAR GEOMETRY ( #ATOMS=102   SYMMETRY=c1  )
 YOU MAY USE ONE OF THE FOLLOWING COMMANDS : 
 sy <group> <eps> : DEFINE MOLECULAR SYMMETRY (default for eps=3d-1)
 desy <eps>       : DETERMINE MOLECULAR SYMMETRY AND ADJUST 
                     COORDINATES (default for eps=1d-6)
 syndi <eps>      : LIKE DESY, BUT FIND ONLY GROUPS WITH NON-
                     DEGENERATE IRREPS (D2h AND SUBGROUPS)
 susy             : ADJUST COORDINATES FOR SUBGROUPS
 ai               : ADD ATOMIC COORDINATES INTERACTIVELY
 a <file>         : ADD ATOMIC COORDINATES FROM FILE <file>
 aa <file>        : ADD ATOMIC COORDINATES IN ANGSTROEM UNITS FROM FILE <file>
 sub              : SUBSTITUTE AN ATOM BY A GROUP OF ATOMS
 i                : INTERNAL COORDINATE MENU 
 ired             : REDUNDANT INTERNAL COORDINATES
 red_info         : DISPLAY REDUNDANT INTERNAL COORDINATES
 ff               : UFF-FORCEFIELD CALCULATION
 m                : MANIPULATE GEOMETRY
 frag             : Define Fragments for BSSE calculation
 w <file>         : WRITE MOLECULAR COORDINATES TO FILE <file> 
 r <file>         : RELOAD ATOMIC AND INTERNAL COORDINATES FROM FILE <file>
 name             : CHANGE ATOMIC IDENTIFIERS 
 del              : DELETE ATOMS 
 fix              : FIX ATOMS 
 dis              : DISPLAY MOLECULAR GEOMETRY 
 banal            : CARRY OUT BOND ANALYSIS 
 *                : TERMINATE MOLECULAR GEOMETRY SPECIFICATION 
                     AND WRITE GEOMETRY DATA TO CONTROL FILE 

 IF YOU APPEND A QUESTION MARK TO ANY COMMAND AN EXPLANATION
 OF THAT COMMAND MAY BE GIVEN 


 IDENTIFIED ANNEALED RING OF SIZE  6
 ATTACHED TO BRIDGE HEAD ATOMS    6 c          5 c       


 IDENTIFIED ANNEALED RING OF SIZE  6
 ATTACHED TO BRIDGE HEAD ATOMS   62 c         61 c       


 IDENTIFIED ANNEALED RING OF SIZE  6
 ATTACHED TO BRIDGE HEAD ATOMS    9 c          8 c       


 IDENTIFIED ANNEALED RING OF SIZE  6
 ATTACHED TO BRIDGE HEAD ATOMS   58 c         57 c       


 IDENTIFIED ANNEALED RING OF SIZE  6
 ATTACHED TO BRIDGE HEAD ATOMS   13 c         12 c       


 IDENTIFIED ANNEALED RING OF SIZE  6
 ATTACHED TO BRIDGE HEAD ATOMS   54 c         53 c       


 IDENTIFIED ANNEALED RING OF SIZE  6
 ATTACHED TO BRIDGE HEAD ATOMS   17 c         16 c       


 IDENTIFIED ANNEALED RING OF SIZE  6
 ATTACHED TO BRIDGE HEAD ATOMS   50 c         49 c       


 IDENTIFIED ANNEALED RING OF SIZE  6
 ATTACHED TO BRIDGE HEAD ATOMS   22 c         21 c       


 IDENTIFIED ANNEALED RING OF SIZE  6
 ATTACHED TO BRIDGE HEAD ATOMS   46 c         45 c       


 IDENTIFIED ANNEALED RING OF SIZE  6
 ATTACHED TO BRIDGE HEAD ATOMS   26 c         25 c       


 IDENTIFIED ANNEALED RING OF SIZE  6
 ATTACHED TO BRIDGE HEAD ATOMS   42 c         41 c       


 IDENTIFIED ANNEALED RING OF SIZE  6
 ATTACHED TO BRIDGE HEAD ATOMS   30 c         29 c       


 IDENTIFIED ANNEALED RING OF SIZE  6
 ATTACHED TO BRIDGE HEAD ATOMS   38 c         37 c       


 IDENTIFIED ANNEALED RING OF SIZE  6
 ATTACHED TO BRIDGE HEAD ATOMS   34 c         33 c       


 IDENTIFIED ANNEALED RING OF SIZE  6
 ATTACHED TO BRIDGE HEAD ATOMS   34 c         33 c       

     GEOIRED: NBDIM     300  NDEGR:     300
      ATTENTION! Lowest Eigenvalue
      of BmBt is:          0.0000943296
     GEOSPY: ATTENTION! 
     natural internals not linearly independent? 
       Decoupling with "globtry"=    1.25265308937930     
     GEOSPY: ATTENTION! 
     natural internals not linearly independent? 
       Decoupling with "globtry"=   0.999999999900000     
      Lowest Eigenvalue of projected BBt           0.0000943296 No:   300
      Quotient of Eigenvalues           1.0000000000
     OCCUPATION OF BLOCKS:  300    0    0    0    0

 SPECIFICATION OF MOLECULAR GEOMETRY ( #ATOMS=102   SYMMETRY=c1  )
 YOU MAY USE ONE OF THE FOLLOWING COMMANDS : 
 sy <group> <eps> : DEFINE MOLECULAR SYMMETRY (default for eps=3d-1)
 desy <eps>       : DETERMINE MOLECULAR SYMMETRY AND ADJUST 
                     COORDINATES (default for eps=1d-6)
 syndi <eps>      : LIKE DESY, BUT FIND ONLY GROUPS WITH NON-
                     DEGENERATE IRREPS (D2h AND SUBGROUPS)
 susy             : ADJUST COORDINATES FOR SUBGROUPS
 ai               : ADD ATOMIC COORDINATES INTERACTIVELY
 a <file>         : ADD ATOMIC COORDINATES FROM FILE <file>
 aa <file>        : ADD ATOMIC COORDINATES IN ANGSTROEM UNITS FROM FILE <file>
 sub              : SUBSTITUTE AN ATOM BY A GROUP OF ATOMS
 i                : INTERNAL COORDINATE MENU 
 ired             : REDUNDANT INTERNAL COORDINATES
 red_info         : DISPLAY REDUNDANT INTERNAL COORDINATES
 ff               : UFF-FORCEFIELD CALCULATION
 m                : MANIPULATE GEOMETRY
 frag             : Define Fragments for BSSE calculation
 w <file>         : WRITE MOLECULAR COORDINATES TO FILE <file> 
 r <file>         : RELOAD ATOMIC AND INTERNAL COORDINATES FROM FILE <file>
 name             : CHANGE ATOMIC IDENTIFIERS 
 del              : DELETE ATOMS 
 fix              : FIX ATOMS 
 dis              : DISPLAY MOLECULAR GEOMETRY 
 banal            : CARRY OUT BOND ANALYSIS 
 *                : TERMINATE MOLECULAR GEOMETRY SPECIFICATION 
                     AND WRITE GEOMETRY DATA TO CONTROL FILE 

 IF YOU APPEND A QUESTION MARK TO ANY COMMAND AN EXPLANATION
 OF THAT COMMAND MAY BE GIVEN 


 GEOMETRY DATA WILL BE WRITTEN TO FILE coord


 SUPPLYING BASIS SETS TO  102 ATOMS 
 #                                                                       
 #                   BASIS SET LIBRARY FOR CARBON                        
 #            ECPs, HONDO-BASIS SETS FROM basen AND                      
 #     FULLY OPTIMIZED BASIS SETS FROM newbas MERGED 02/6/93             
 #                                                                       
 #         abbreviation hondo refers to the version 7.0 of HONDO         
 #                                                                       
 ########################################################################
 #       HF limit : E(3P) = -37.688619 a.u. (C. Froese Fischer, 1977)    
 ########################################################################
 #       Roothaan parameters for C(3P) in symmetry I:                    
 #        a = 3/4      b = 3/2                                           
 ########################################################################
 #                                                                       
 c def-SV(P)                                                             
 c def2-SVP                                                              
 c dhf-SVP                                                               
 c dhf-SVP-2c                                                            
 c def2-SV(P)                                                            
 c dhf-SV(P)                                                             
 c dhf-SV(P)-2c                                                          
 # c (7s4p1d)/[3s2p1d] {511/31/1}                                        
 # ROHF(equiv) energy is -37.64114337919 a.u.  (virial theorem = 2.000000
 # UHF(noneq)  energy is -37.64522986135 a.u.  (virial theorem = 2.000084
 #                                                                       
 #                    BASIS SET LIBRARY FOR HYDROGEN                     
 #            ECPs, HONDO-BASIS SETS FROM basen AND                      
 #     FULLY OPTIMIZED BASIS SETS FROM newbas MERGED 02/6/93             
 #                                                                       
 #         abbreviation hondo refers to the version 7.0 of HONDO         
 #                                                                       
 ########################################################################
 #       HF limit : E(2S) = -0.5 a.u.                                    
 ########################################################################
 #       Roothaan parameters for H(2S):                                  
 #        a = 0      b = 0                                               
 ########################################################################
 #                                                                       
 h def-SV(P)                                                             
 h def2-SV(P)                                                            
 h dhf-SV(P)                                                             
 h dhf-SV(P)-2c                                                          
 h x2c-SV(P)all                                                          
 h x2c-SV(P)all-2c                                                       
 h x2c-SV(P)all-s                                                        
 # HF(equiv) energy is -0.49927840571 a.u.  (virial theorem = 2.000000001
 # (4s)/[2s] {31}                                                        
 # H. Horn, Aug. 91                                                      
 
 ==============================================================================
 NOTE: Improved basis sets are available for H-Rn ("def2-bases").
 For further information type "bi".
 ==============================================================================

 ATOMIC ATTRIBUTE DEFINITION MENU  ( #atoms=102   #bas=102   #ecp=0     )

 b    : ASSIGN ATOMIC BASIS SETS 
 bb   : b RESTRICTED TO BASIS SET LIBRARY 
 bl   : LIST ATOMIC BASIS SETS ASSIGNED
 bm   : MODIFY DEFINITION OF ATOMIC BASIS SET
 bp   : SWITCH BETWEEN 5d/7f AND 6d/10f
 lib  : SELECT BASIS SET LIBRARY
 ecp  : ASSIGN EFFECTIVE CORE POTENTIALS 
 ecpb : ecp RESTRICTED TO BASIS SET LIBRARY 
 ecpi : GENERAL INFORMATION ABOUT EFFECTIVE CORE POTENTIALS
 ecpl : LIST EFFECTIVE CORE POTENTIALS ASSIGNED
 ecprm: REMOVE EFFECTIVE CORE POTENTIAL(S)
 c    : ASSIGN NUCLEAR CHARGES (IF DIFFERENT FROM DEFAULTS) 
 cem  : ASSIGN NUCLEAR CHARGES FOR EMBEDDING 
 m    : ASSIGN ATOMIC MASSES (IF DIFFERENT FROM DEFAULTS) 
 iso  : ASSIGN ISOTOPE FOR NUCLEAR COUPLING CALCULATION 
 dis  : DISPLAY MOLECULAR GEOMETRY 
 dat  : DISPLAY ATOMIC ATTRIBUTES YET ESTABLISHED 
 h    : EXPLANATION OF ATTRIBUTE DEFINITION SYNTAX 
 *    : TERMINATE THIS SECTION AND WRITE DATA OR DATA REFERENCES TO control
 GOBACK=& (TO GEOMETRY MENU !)


 SUPPLYING BASIS SETS TO  102 ATOMS 
 #                                                                       
 #                   BASIS SET LIBRARY FOR CARBON                        
 #            ECPs, HONDO-BASIS SETS FROM basen AND                      
 #     FULLY OPTIMIZED BASIS SETS FROM newbas MERGED 02/6/93             
 #                                                                       
 #         abbreviation hondo refers to the version 7.0 of HONDO         
 #                                                                       
 ########################################################################
 #       HF limit : E(3P) = -37.688619 a.u. (C. Froese Fischer, 1977)    
 ########################################################################
 #       Roothaan parameters for C(3P) in symmetry I:                    
 #        a = 3/4      b = 3/2                                           
 ########################################################################
 #                                                                       
 c 6-31G                                                                 
 # ROHF(equiv) energy is -37.67686564828 a.u.  (virial theorem = 2.000362
 # UHF(noneq)  energy is -37.67783703486 a.u.  (virial theorem = 2.000479
 # W.J. Hehre, R. Ditchfield, and J.A. Pople, J. Chem. Phys. 56, 2257 (19
 # obtained from EMSL  Basis Set Exchange Library 11/4/08 6:44 AM        
 # antique valence double zeta                                           
 #                                                                       
 #                    BASIS SET LIBRARY FOR HYDROGEN                     
 #            ECPs, HONDO-BASIS SETS FROM basen AND                      
 #     FULLY OPTIMIZED BASIS SETS FROM newbas MERGED 02/6/93             
 #                                                                       
 #         abbreviation hondo refers to the version 7.0 of HONDO         
 #                                                                       
 ########################################################################
 #       HF limit : E(2S) = -0.5 a.u.                                    
 ########################################################################
 #       Roothaan parameters for H(2S):                                  
 #        a = 0      b = 0                                               
 ########################################################################
 #                                                                       
 h 6-31G                                                                 
 h 6-31G*                                                                
 # HF(equiv) energy is -0.49823291073 a.u.  (virial theorem = 2.023350085
 # W.J. Hehre, R. Ditchfield, and J.A. Pople, J. Chem. Phys. 56, 2257 (19
 # obtained from EMSL  Basis Set Exchange Library 11/4/08 6:44 AM        
 # antique valence double zeta                                           

 ATOMIC ATTRIBUTE DEFINITION MENU  ( #atoms=102   #bas=102   #ecp=0     )

 b    : ASSIGN ATOMIC BASIS SETS 
 bb   : b RESTRICTED TO BASIS SET LIBRARY 
 bl   : LIST ATOMIC BASIS SETS ASSIGNED
 bm   : MODIFY DEFINITION OF ATOMIC BASIS SET
 bp   : SWITCH BETWEEN 5d/7f AND 6d/10f
 lib  : SELECT BASIS SET LIBRARY
 ecp  : ASSIGN EFFECTIVE CORE POTENTIALS 
 ecpb : ecp RESTRICTED TO BASIS SET LIBRARY 
 ecpi : GENERAL INFORMATION ABOUT EFFECTIVE CORE POTENTIALS
 ecpl : LIST EFFECTIVE CORE POTENTIALS ASSIGNED
 ecprm: REMOVE EFFECTIVE CORE POTENTIAL(S)
 c    : ASSIGN NUCLEAR CHARGES (IF DIFFERENT FROM DEFAULTS) 
 cem  : ASSIGN NUCLEAR CHARGES FOR EMBEDDING 
 m    : ASSIGN ATOMIC MASSES (IF DIFFERENT FROM DEFAULTS) 
 iso  : ASSIGN ISOTOPE FOR NUCLEAR COUPLING CALCULATION 
 dis  : DISPLAY MOLECULAR GEOMETRY 
 dat  : DISPLAY ATOMIC ATTRIBUTES YET ESTABLISHED 
 h    : EXPLANATION OF ATTRIBUTE DEFINITION SYNTAX 
 *    : TERMINATE THIS SECTION AND WRITE DATA OR DATA REFERENCES TO control
 GOBACK=& (TO GEOMETRY MENU !)


 BASIS SETS WILL BE WRITTEN TO FILE basis BY DEFAULT


              +--------------------------------------------------+
              |               basis set information              |
              +--------------------------------------------------+

              we will work with the 1s 3p 5d 7f 9g ... basis set
              ...i.e. with spherical basis functions...

   type   atoms  prim   cont   basis
   ---------------------------------------------------------------------------
    c       66     22      9   6-31G   [3s2p|10s4p]
    h       36      4      2   6-31G   [2s|4s]
   ---------------------------------------------------------------------------
   total:  102   1596    666
   ---------------------------------------------------------------------------

   total number of primitive shells          :   18
   total number of contracted shells         :  402
   total number of cartesian basis functions :  666
   total number of SCF-basis functions       :  666


              ATOMIC COORDINATES              ATOM SHELLS CHARGE PSEUDO MASS
    -5.10061648    2.45008661   -0.08874154    c      5      6.     0 12.011
    -7.38482293    1.12992394   -0.11070016    c      5      6.     0 12.011
    -7.38792208   -1.49184429   -0.31462050    c      5      6.     0 12.011
    -5.10586991   -2.80078199   -0.47122211    c      5      6.     0 12.011
    -2.79439471   -1.50078269   -0.41131779    c      5      6.     0 12.011
    -2.78657125    1.16102883   -0.24228179    c      5      6.     0 12.011
    -0.48879656   -2.80238825   -0.46364430    c      5      6.     0 12.011
     1.81952280   -1.50970220   -0.30466165    c      5      6.     0 12.011
     1.84439160    1.15171248   -0.22742854    c      5      6.     0 12.011
    -0.46732927    2.45653058   -0.20125583    c      5      6.     0 12.011
     4.10112143   -2.83447580   -0.12829351    c      5      6.     0 12.011
     6.39957642   -1.55809809    0.17120919    c      5      6.     0 12.011
     6.46807899    1.10114341    0.07808348    c      5      6.     0 12.011
     4.17548215    2.42799571   -0.11922282    c      5      6.     0 12.011
     8.61242681   -2.89953907    0.69324603    c      5      6.     0 12.011
    10.88417997   -1.63330919    1.15379118    c      5      6.     0 12.011
    11.04711216    0.99830452    0.79113384    c      5      6.     0 12.011
     8.81438185    2.34394070    0.27068437    c      5      6.     0 12.011
    13.40736119    2.19608852    1.08874681    c      5      6.     0 12.011
    12.94246967   -2.94177445    2.15219019    c      5      6.     0 12.011
    15.13861488   -1.65061908    2.82782397    c      5      6.     0 12.011
    15.49002835    0.88221864    2.09122762    c      5      6.     0 12.011
    17.83296750    2.04780172    2.58265090    c      5      6.     0 12.011
    16.85380590   -2.77574312    4.47358645    c      5      6.     0 12.011
    18.83607192   -1.34559838    5.44152307    c      5      6.     0 12.011
    19.55044509    0.93322235    4.27388019    c      5      6.     0 12.011
    21.77368897    2.13903769    5.08997732    c      5      6.     0 12.011
    19.83448982   -1.95006508    7.79289039    c      5      6.     0 12.011
    21.43297135   -0.21722402    8.94838233    c      5      6.     0 12.011
    22.75681899    1.54844159    7.48095330    c      5      6.     0 12.011
    24.74915724    2.87041839    8.61860622    c      5      6.     0 12.011
    21.38722108    0.09785002   11.55988934    c      5      6.     0 12.011
    22.75426786    2.08189237   12.61760685    c      5      6.     0 12.011
    24.80074677    3.05975006   11.26201181    c      5      6.     0 12.011
    26.63912903    4.36878224   12.61960996    c      5      6.     0 12.011
    21.99592077    3.34084682   14.82399438    c      5      6.     0 12.011
    23.51412673    5.26891548   15.80714330    c      5      6.     0 12.011
    26.03137421    5.28467580   15.02494786    c      5      6.     0 12.011
    27.79050137    6.34224213   16.64559588    c      5      6.     0 12.011
    22.69821858    7.27331019   17.38011353    c      5      6.     0 12.011
    24.50286924    8.91355467   18.44847019    c      5      6.     0 12.011
    26.95206768    7.95703200   18.54176597    c      5      6.     0 12.011
    28.60385839    8.86786109   20.33080749    c      5      6.     0 12.011
    24.20102328   11.47437924   19.21842020    c      5      6.     0 12.011
    26.32819350   12.79265218   20.17927035    c      5      6.     0 12.011
    28.22491161   11.28072010   21.23199898    c      5      6.     0 12.011
    30.17034686   12.27312867   22.61476828    c      5      6.     0 12.011
    26.95369284   15.38885242   19.83766456    c      5      6.     0 12.011
    29.48341252   16.19476392   20.32020612    c      5      6.     0 12.011
    30.96726326   14.62642352   21.88699695    c      5      6.     0 12.011
    33.48827130   15.06996113   22.34032335    c      5      6.     0 12.011
    30.76379645   18.24158298   19.12642834    c      5      6.     0 12.011
    33.45873488   18.46228409   19.24969517    c      5      6.     0 12.011
    34.75826174   16.79204965   20.86405041    c      5      6.     0 12.011
    37.37417182   16.62977887   20.90545431    c      5      6.     0 12.011
    34.98499108   20.12535646   17.79349112    c      5      6.     0 12.011
    37.68149798   20.01628147   17.86246612    c      5      6.     0 12.011
    38.83698992   18.16897970   19.38813651    c      5      6.     0 12.011
    41.45331574   17.84209487   19.45159351    c      5      6.     0 12.011
    39.30942145   21.64036880   16.50723013    c      5      6.     0 12.011
    41.97718561   21.43896179   16.69325477    c      5      6.     0 12.011
    43.04119591   19.47525288   18.14998795    c      5      6.     0 12.011
    45.66810419   19.20303783   18.35910504    c      5      6.     0 12.011
    43.63921864   23.14631044   15.52060412    c      5      6.     0 12.011
    46.26089238   22.91000019   15.80294810    c      5      6.     0 12.011
    47.27525957   20.93024751   17.20576740    c      5      6.     0 12.011
    -5.13886453    4.49819068    0.07738428    h      2      1.     0  1.008
    -9.16054188    2.15081069    0.03643392    h      2      1.     0  1.008
    -9.16401897   -2.52248202   -0.33623897    h      2      1.     0  1.008
    -5.14298414   -4.85107814   -0.61431217    h      2      1.     0  1.008
    -0.49234924   -4.85697409   -0.56168330    h      2      1.     0  1.008
    -0.46345533    4.50977471   -0.08363928    h      2      1.     0  1.008
     4.07801008   -4.89132931   -0.11858031    h      2      1.     0  1.008
     4.19810218    4.48450907   -0.08944074    h      2      1.     0  1.008
     8.53509922   -4.94554555    0.88943740    h      2      1.     0  1.008
     8.88210963    4.39622106    0.15025212    h      2      1.     0  1.008
    13.56846034    4.21590340    0.73482000    h      2      1.     0  1.008
    12.75100262   -4.93581346    2.61789429    h      2      1.     0  1.008
    18.18088497    3.95967543    1.90939817    h      2      1.     0  1.008
    16.44358416   -4.62689993    5.26902887    h      2      1.     0  1.008
    22.48590785    3.78470569    4.08435956    h      2      1.     0  1.008
    19.03226328   -3.49572877    8.88432061    h      2      1.     0  1.008
    26.02086734    4.02517334    7.49053421    h      2      1.     0  1.008
    20.02903712   -0.93932616   12.69928081    h      2      1.     0  1.008
    28.43996244    4.85179624   11.75712006    h      2      1.     0  1.008
    20.15307875    2.95789382   15.64394655    h      2      1.     0  1.008
    29.80194475    6.07038613   16.32978485    h      2      1.     0  1.008
    20.69149951    7.64876098   17.59850918    h      2      1.     0  1.008
    30.38592682    7.89922528   20.66712205    h      2      1.     0  1.008
    22.49076445   12.48436226   18.69211258    h      2      1.     0  1.008
    31.43332642   11.01379629   23.64032265    h      2      1.     0  1.008
    25.68942827   16.58404750   18.74060295    h      2      1.     0  1.008
    34.55381227   13.79687154   23.55670226    h      2      1.     0  1.008
    29.72059204   19.46232716   17.83967602    h      2      1.     0  1.008
    38.29050002   15.21747316   22.08955670    h      2      1.     0  1.008
    34.07380294   21.47503666   16.53638861    h      2      1.     0  1.008
    42.26534995   16.33046515   20.58735671    h      2      1.     0  1.008
    38.49685811   23.12134716   15.33508971    h      2      1.     0  1.008
    46.47581093   17.66914714   19.46603102    h      2      1.     0  1.008
    42.90126169   24.71223200   14.41509544    h      2      1.     0  1.008
    47.51585950   24.28345314   14.93422211    h      2      1.     0  1.008
    49.30788679   20.74029224   17.42811257    h      2      1.     0  1.008
 

 we will work with the  1s 3p

 there are 1 real representations :   a   

 OCCUPATION NUMBER & MOLECULAR ORBITAL DEFINITION MENU 

 CHOOSE COMMAND 
 infsao     : OUTPUT SAO INFORMATION 
 atb        : Switch for writing MOs in ASCII or binary format
 eht        : PROVIDE MOS && OCCUPATION NUMBERS FROM EXTENDED HUECKEL GUESS 
 use <file> : SUPPLY MO INFORMATION USING DATA FROM <file> 
 man        : MANUAL SPECIFICATION OF OCCUPATION NUMBERS 
 hcore      : HAMILTON CORE GUESS FOR MOS
 flip       : FLIP SPIN OF A SELECTED ATOM
 &          : MOVE BACK TO THE ATOMIC ATTRIBUTES MENU
 THE COMMANDS  use  OR  eht  OR  *  OR q(uit) TERMINATE THIS MENU !!! 
 FOR EXPLANATIONS APPEND A QUESTION MARK (?) TO ANY COMMAND 


 PROVIDING EHT AOS FOR THE FOLLOWING SET OF ATOMS :
     1 c            2 c            3 c            4 c            5 c       
     6 c            7 c            8 c            9 c           10 c       
    11 c           12 c           13 c           14 c           15 c       
    16 c           17 c           18 c           19 c           20 c       
    21 c           22 c           23 c           24 c           25 c       
    26 c           27 c           28 c           29 c           30 c       
    31 c           32 c           33 c           34 c           35 c       
    36 c           37 c           38 c           39 c           40 c       
    41 c           42 c           43 c           44 c           45 c       
    46 c           47 c           48 c           49 c           50 c       
    51 c           52 c           53 c           54 c           55 c       
    56 c           57 c           58 c           59 c           60 c       
    61 c           62 c           63 c           64 c           65 c       
    66 c       
 for the   6 electrons of the actual atom you have
 to provide at least basis functions for the AO's :   2s  1p  0d  0f


 PROVIDING EHT AOS FOR THE FOLLOWING SET OF ATOMS :
    67 h           68 h           69 h           70 h           71 h       
    72 h           73 h           74 h           75 h           76 h       
    77 h           78 h           79 h           80 h           81 h       
    82 h           83 h           84 h           85 h           86 h       
    87 h           88 h           89 h           90 h           91 h       
    92 h           93 h           94 h           95 h           96 h       
    97 h           98 h           99 h          100 h          101 h       
   102 h       
 for the   1 electrons of the actual atom you have
 to provide at least basis functions for the AO's :   1s  0p  0d  0f


 DO YOU WANT THE DEFAULT PARAMETERS FOR THE EXTENDED HUECKEL CALCULATION ? 
 DEFAULT=y   HELP=? 


 JUST SETTING UP HUECKEL MATRIX ! 


 HUECKEL EQUATIONS ARE BEING SOLVED 


 ENTER THE MOLECULAR CHARGE  (DEFAULT=0) 


 NUMBER OF ELECTRONS IN YOUR MOLECULE IS  432


 AUTOMATIC OCCUPATION NUMBER ASSIGNMENT ESTABLISHED !
 FOUND CLOSED SHELL SYSTEM !
 HOMO/LUMO-SEPARATION :  0.003714
 ORBITAL  SYMMETRY      ENERGY     DEFAULT 
 (SHELL)    TYPE                 OCCUPATION 
   213   213a          -0.37553      2
   214   214a          -0.37515      2
   215   215a          -0.36747      2
   216   216a          -0.36347      2
   217   217a          -0.35976      0
   218   218a          -0.35933      0
   219   219a          -0.34778      0

!!!!!!!!!!!!!!!!!!!!!!!!!!!!!!!!!!!!!!!!!!!!!!!!!!!!!!!!!
!!! WARNING ! HOMO/LUMO-SEPARATION LOWER THAN 0.05 AU !!!
!!!!!!!!!!!!!!!!!!!!!!!!!!!!!!!!!!!!!!!!!!!!!!!!!!!!!!!!!

 DO YOU ACCEPT THIS OCCUPATION ?  DEFAULT=y 


 PROVIDING  'derivative'  DEFAULT PARAMETERS ...

 PROVIDING FORCE RELAXATION DEFAULT PARAMETERS ...

    mo occupation :
   irrep   mo's   occupied
    a      666      216
 
 number of basis functions   :   666
 number of occupied orbitals :   216
 
 GENERAL MENU : SELECT YOUR TOPIC 
 scf    : SELECT NON-DEFAULT SCF PARAMETER 
 mp2    : OPTIONS AND DATA GROUPS FOR rimp2 and mpgrad
 cc     : OPTIONS AND DATA GROUPS FOR ricc2
 pnocc  : OPTIONS AND DATA GROUPS FOR pnoccsd
 ex     : EXCITED STATE AND RESPONSE OPTIONS
 prop   : SELECT TOOLS FOR SCF-ORBITAL ANALYSIS 
 drv    : SELECT NON-DEFAULT INPUT PARAMETER FOR EVALUATION
          OF ANALYTICAL ENERGY DERIVATIVES 
          (GRADIENTS, FORCE CONSTANTS) 
 rex    : SELECT OPTIONS FOR GEOMETRY UPDATES USING RELAX
 stp    : SELECT NON-DEFAULT STRUCTURE OPTIMIZATION PARAMETER
 e      : DEFINE EXTERNAL ELECTROSTATIC FIELD 
 dft    : DFT Parameters 
 ri     : RI Parameters 
 rijk   : RI-JK-HF Parameters 
 rirpa  : RIRPA Parameters 
 gw     : OPTIONS AND DATA GROUPS FOR GW (escf) 
 senex  : seminumeric exchange parameters 
 hybno  : hybrid Noga/Diag parameters
 dsp    : DFT dispersion correction
 nmr    : NMR shift parameters
 ncoup  : NMR coupling parameters
 trunc  : USE TRUNCATED AUXBASIS DURING ITERATIONS 
 marij  : MULTIPOLE ACCELERATED RI-J 

 dis    : DISPLAY MOLECULAR GEOMETRY 
 list   : LIST OF CONTROL FILE 
 &      : GO BACK TO OCCUPATION/ORBITAL ASSIGNMENT MENU
 * or q : END OF DEFINE SESSION 


 ENTER SCF-OPTION TO BE MODIFIED 

 conv   : ACCURACY OF SCF-ENERGY           $scfconv 
 thi    : INTEGRAL STORAGE CRITERIA        $thize  $thime 
 ints   : INTEGRAL STORAGE ALLOCATION      $scfintunit 
 iter   : MAXIMUM NUMBER OF ITERATIONS     $scfiterlimit 
 diis   : DIIS CONVERGENCE ACCELERATION    $scfdiis 
 damp   : OPTIONS FOR DAMPING              $scfdamp 
 shift  : SHIFTING OF ORBITALS             $scforbitalshift  
 order  : ORDERING OF ORBITALS             $scforbitalorder 
 fermi  : THERMAL SMEARING OF OCC. NUMBERS $fermi
 pdiag  : PREDIAGONALIZATION               $prediag
 soghf  : SPIN ORBIT GENERALIZED SCF       $soghf  
 x2c    : EXACT 2C HAMILTONIAN             $rx2c 
 rlocal : DLU SCHEME FOR X2C               $rlocal 
 finnuc : FINITE NUCLEUS MODEL             $finnuc 
 rsym   : RELATIVISTIC SYMMETRY            $rsym 
 snso   : SCREENED NUCLEAR SPIN ORBIT      $snso 


 CURRENT VALUE FOR MAXIMUM NUMBER OF SCF-ITERATIONS : 30

 ENTER NEW VALUE FOR MAXIMUM NUMBER OF SCF-ITERATIONS 
 DEFAULT= 30


 ENTER SCF-OPTION TO BE MODIFIED 

 conv   : ACCURACY OF SCF-ENERGY           $scfconv 
 thi    : INTEGRAL STORAGE CRITERIA        $thize  $thime 
 ints   : INTEGRAL STORAGE ALLOCATION      $scfintunit 
 iter   : MAXIMUM NUMBER OF ITERATIONS     $scfiterlimit 
 diis   : DIIS CONVERGENCE ACCELERATION    $scfdiis 
 damp   : OPTIONS FOR DAMPING              $scfdamp 
 shift  : SHIFTING OF ORBITALS             $scforbitalshift  
 order  : ORDERING OF ORBITALS             $scforbitalorder 
 fermi  : THERMAL SMEARING OF OCC. NUMBERS $fermi
 pdiag  : PREDIAGONALIZATION               $prediag
 soghf  : SPIN ORBIT GENERALIZED SCF       $soghf  
 x2c    : EXACT 2C HAMILTONIAN             $rx2c 
 rlocal : DLU SCHEME FOR X2C               $rlocal 
 finnuc : FINITE NUCLEUS MODEL             $finnuc 
 rsym   : RELATIVISTIC SYMMETRY            $rsym 
 snso   : SCREENED NUCLEAR SPIN ORBIT      $snso 


 CURRENT VALUES FOR DAMPING PARAMETERS : 
$scfdamp   start=  0.300  step=  0.050  min=  0.100


 ENTER START VALUE FOR DAMPING  (DEFAULT=  0.300)
 

 ENTER INCREMENT FOR REDUCTION OF DAMPING  (DEFAULT=0.050)


 ENTER MINIMAL DAMPING , (DEFAULT=  0.100)


 ENTER SCF-OPTION TO BE MODIFIED 

 conv   : ACCURACY OF SCF-ENERGY           $scfconv 
 thi    : INTEGRAL STORAGE CRITERIA        $thize  $thime 
 ints   : INTEGRAL STORAGE ALLOCATION      $scfintunit 
 iter   : MAXIMUM NUMBER OF ITERATIONS     $scfiterlimit 
 diis   : DIIS CONVERGENCE ACCELERATION    $scfdiis 
 damp   : OPTIONS FOR DAMPING              $scfdamp 
 shift  : SHIFTING OF ORBITALS             $scforbitalshift  
 order  : ORDERING OF ORBITALS             $scforbitalorder 
 fermi  : THERMAL SMEARING OF OCC. NUMBERS $fermi
 pdiag  : PREDIAGONALIZATION               $prediag
 soghf  : SPIN ORBIT GENERALIZED SCF       $soghf  
 x2c    : EXACT 2C HAMILTONIAN             $rx2c 
 rlocal : DLU SCHEME FOR X2C               $rlocal 
 finnuc : FINITE NUCLEUS MODEL             $finnuc 
 rsym   : RELATIVISTIC SYMMETRY            $rsym 
 snso   : SCREENED NUCLEAR SPIN ORBIT      $snso 

 GENERAL MENU : SELECT YOUR TOPIC 
 scf    : SELECT NON-DEFAULT SCF PARAMETER 
 mp2    : OPTIONS AND DATA GROUPS FOR rimp2 and mpgrad
 cc     : OPTIONS AND DATA GROUPS FOR ricc2
 pnocc  : OPTIONS AND DATA GROUPS FOR pnoccsd
 ex     : EXCITED STATE AND RESPONSE OPTIONS
 prop   : SELECT TOOLS FOR SCF-ORBITAL ANALYSIS 
 drv    : SELECT NON-DEFAULT INPUT PARAMETER FOR EVALUATION
          OF ANALYTICAL ENERGY DERIVATIVES 
          (GRADIENTS, FORCE CONSTANTS) 
 rex    : SELECT OPTIONS FOR GEOMETRY UPDATES USING RELAX
 stp    : SELECT NON-DEFAULT STRUCTURE OPTIMIZATION PARAMETER
 e      : DEFINE EXTERNAL ELECTROSTATIC FIELD 
 dft    : DFT Parameters 
 ri     : RI Parameters 
 rijk   : RI-JK-HF Parameters 
 rirpa  : RIRPA Parameters 
 gw     : OPTIONS AND DATA GROUPS FOR GW (escf) 
 senex  : seminumeric exchange parameters 
 hybno  : hybrid Noga/Diag parameters
 dsp    : DFT dispersion correction
 nmr    : NMR shift parameters
 ncoup  : NMR coupling parameters
 trunc  : USE TRUNCATED AUXBASIS DURING ITERATIONS 
 marij  : MULTIPOLE ACCELERATED RI-J 

 dis    : DISPLAY MOLECULAR GEOMETRY 
 list   : LIST OF CONTROL FILE 
 &      : GO BACK TO OCCUPATION/ORBITAL ASSIGNMENT MENU
 * or q : END OF DEFINE SESSION 



STATUS OF DFT_OPTIONS:
 DFT is NOT used
   functional b-p
     gridsize m3

 ENTER DFT-OPTION TO BE MODIFIED 

 func    : TO CHANGE TYPE OF FUNCTIONAL 
 grid    : TO CHANGE GRIDSIZE 
  on:   TO SWITCH ON  DFT 
 Just <ENTER>, q or '*' terminate this menu.


STATUS OF DFT_OPTIONS:
 DFT is used
   functional b-p
     gridsize m3

 ENTER DFT-OPTION TO BE MODIFIED 

 func    : TO CHANGE TYPE OF FUNCTIONAL 
 grid    : TO CHANGE GRIDSIZE 
  off:  TO SWITCH OFF DFT 
 Just <ENTER>, q or '*' terminate this menu.


STATUS OF DFT_OPTIONS:
 DFT is used
   functional pbe0
     gridsize m3

 ENTER DFT-OPTION TO BE MODIFIED 

 func    : TO CHANGE TYPE OF FUNCTIONAL 
 grid    : TO CHANGE GRIDSIZE 
  off:  TO SWITCH OFF DFT 
 Just <ENTER>, q or '*' terminate this menu.
 GENERAL MENU : SELECT YOUR TOPIC 
 scf    : SELECT NON-DEFAULT SCF PARAMETER 
 mp2    : OPTIONS AND DATA GROUPS FOR rimp2 and mpgrad
 cc     : OPTIONS AND DATA GROUPS FOR ricc2
 pnocc  : OPTIONS AND DATA GROUPS FOR pnoccsd
 ex     : EXCITED STATE AND RESPONSE OPTIONS
 prop   : SELECT TOOLS FOR SCF-ORBITAL ANALYSIS 
 drv    : SELECT NON-DEFAULT INPUT PARAMETER FOR EVALUATION
          OF ANALYTICAL ENERGY DERIVATIVES 
          (GRADIENTS, FORCE CONSTANTS) 
 rex    : SELECT OPTIONS FOR GEOMETRY UPDATES USING RELAX
 stp    : SELECT NON-DEFAULT STRUCTURE OPTIMIZATION PARAMETER
 e      : DEFINE EXTERNAL ELECTROSTATIC FIELD 
 dft    : DFT Parameters 
 ri     : RI Parameters 
 rijk   : RI-JK-HF Parameters 
 rirpa  : RIRPA Parameters 
 gw     : OPTIONS AND DATA GROUPS FOR GW (escf) 
 senex  : seminumeric exchange parameters 
 hybno  : hybrid Noga/Diag parameters
 dsp    : DFT dispersion correction
 nmr    : NMR shift parameters
 ncoup  : NMR coupling parameters
 trunc  : USE TRUNCATED AUXBASIS DURING ITERATIONS 
 marij  : MULTIPOLE ACCELERATED RI-J 

 dis    : DISPLAY MOLECULAR GEOMETRY 
 list   : LIST OF CONTROL FILE 
 &      : GO BACK TO OCCUPATION/ORBITAL ASSIGNMENT MENU
 * or q : END OF DEFINE SESSION 


 INPUT MENU FOR CALCULATIONS WITH ricc2:
 (#atoms=102   #bas=102   #cbas=  0   #cabs=  0   #jkbas=  0   )
 freeze  : SET FROZEN OCCUPIED/VIRTUAL ORBITAL OPTIONS
 cbas    : ASSIGN AUXILIARY (CBAS) BASIS SETS
 memory  : SET MAXIMUM CORE MEMORY (PRESENT VALUE:    500 MiB  per_core)
 denconv : CONVERGENCE THRESHOLD FOR SCF DENSITY (0.1E-06 )
 tmpdir  : DEFINE PATH FOR TEMPORY FILES
 ricc2   : DATA GROUP $ricc2 (MODELS AND GLOBAL OPTIONS)
 f12     : DATA GROUP $rir12 (F12 APPROX. AND OPTIONS)
 exci    : INPUT FOR CALCULATION OF EXCITATION ENERGIES
 resp    : INPUT FOR GROUND STATE PROPERTIES
 cabs    : ASSIGN COMPLEMENTARY AUXILIARY (CABS) BASIS SETS
 jkbas   : ASSIGN AUXILIARY BASIS FOR FOCK MATRICES (JKBAS)
 other   : OTHER DIVERSE OPTIONS
 * / end : SAVE DEFINITIONS AND LEAVE MENU

 INPUT MENU FOR CALCULATIONS WITH ricc2:
 (#atoms=102   #bas=102   #cbas=  0   #cabs=  0   #jkbas=  0   )
 freeze  : SET FROZEN OCCUPIED/VIRTUAL ORBITAL OPTIONS
 cbas    : ASSIGN AUXILIARY (CBAS) BASIS SETS
 memory  : SET MAXIMUM CORE MEMORY (PRESENT VALUE: $maxcor  19073 MiB  per_core)
 denconv : CONVERGENCE THRESHOLD FOR SCF DENSITY (0.1E-06 )
 tmpdir  : DEFINE PATH FOR TEMPORY FILES
 ricc2   : DATA GROUP $ricc2 (MODELS AND GLOBAL OPTIONS)
 f12     : DATA GROUP $rir12 (F12 APPROX. AND OPTIONS)
 exci    : INPUT FOR CALCULATION OF EXCITATION ENERGIES
 resp    : INPUT FOR GROUND STATE PROPERTIES
 cabs    : ASSIGN COMPLEMENTARY AUXILIARY (CABS) BASIS SETS
 jkbas   : ASSIGN AUXILIARY BASIS FOR FOCK MATRICES (JKBAS)
 other   : OTHER DIVERSE OPTIONS
 * / end : SAVE DEFINITIONS AND LEAVE MENU
 GENERAL MENU : SELECT YOUR TOPIC 
 scf    : SELECT NON-DEFAULT SCF PARAMETER 
 mp2    : OPTIONS AND DATA GROUPS FOR rimp2 and mpgrad
 cc     : OPTIONS AND DATA GROUPS FOR ricc2
 pnocc  : OPTIONS AND DATA GROUPS FOR pnoccsd
 ex     : EXCITED STATE AND RESPONSE OPTIONS
 prop   : SELECT TOOLS FOR SCF-ORBITAL ANALYSIS 
 drv    : SELECT NON-DEFAULT INPUT PARAMETER FOR EVALUATION
          OF ANALYTICAL ENERGY DERIVATIVES 
          (GRADIENTS, FORCE CONSTANTS) 
 rex    : SELECT OPTIONS FOR GEOMETRY UPDATES USING RELAX
 stp    : SELECT NON-DEFAULT STRUCTURE OPTIMIZATION PARAMETER
 e      : DEFINE EXTERNAL ELECTROSTATIC FIELD 
 dft    : DFT Parameters 
 ri     : RI Parameters 
 rijk   : RI-JK-HF Parameters 
 rirpa  : RIRPA Parameters 
 gw     : OPTIONS AND DATA GROUPS FOR GW (escf) 
 senex  : seminumeric exchange parameters 
 hybno  : hybrid Noga/Diag parameters
 dsp    : DFT dispersion correction
 nmr    : NMR shift parameters
 ncoup  : NMR coupling parameters
 trunc  : USE TRUNCATED AUXBASIS DURING ITERATIONS 
 marij  : MULTIPOLE ACCELERATED RI-J 

 dis    : DISPLAY MOLECULAR GEOMETRY 
 list   : LIST OF CONTROL FILE 
 &      : GO BACK TO OCCUPATION/ORBITAL ASSIGNMENT MENU
 * or q : END OF DEFINE SESSION 


 ***********************************************************
 *                                                         *
 *                       e n d   o f                       *
 *                       D E F I N E                       *
 *                                                         *
 ***********************************************************


    ------------------------------------------------------------------------
         total  cpu-time :   0.76 seconds
         total wall-time :   7.36 seconds
    ------------------------------------------------------------------------

   ****  define : all done  ****


    2021-05-26 09:19:20.841 

